{"contracts/core/dao/BeneficiaryGovernance.sol":{"l":{"120":81,"121":81,"135":1,"136":1,"138":0,"151":0,"164":0,"178":1,"202":35,"208":35,"210":31,"211":31,"218":31,"219":31,"221":31,"222":21,"224":10,"227":31,"229":31,"230":31,"231":31,"232":31,"233":31,"234":31,"235":31,"236":31,"237":31,"238":31,"245":31,"246":30,"249":31,"250":31,"251":31,"253":31,"261":0,"262":0,"271":58,"272":58,"274":58,"279":56,"284":55,"286":54,"287":54,"289":54,"290":28,"294":27,"297":53,"298":26,"301":53,"302":53,"307":53,"315":11,"316":11,"318":11,"323":8,"324":4,"327":8,"328":4,"330":4,"333":8,"335":8,"336":8,"341":8,"349":3,"350":3,"354":2,"358":1,"360":1,"364":1,"370":1,"385":55,"388":55,"389":54,"399":35,"400":11,"407":34,"408":24,"419":8,"423":4,"424":3,"433":4,"434":1,"445":69,"450":68,"451":68,"452":68,"454":68,"458":18,"459":12,"460":5,"462":5,"465":7,"469":63,"470":5,"475":81,"476":81,"477":81,"487":1,"489":1,"490":1,"491":1,"497":36,"498":36,"501":36,"507":35},"path":"/home/leon/workspace/packages/contracts/contracts/core/dao/BeneficiaryGovernance.sol","s":{"1":81,"2":81,"3":1,"4":1,"5":0,"6":0,"7":0,"8":1,"9":35,"10":35,"11":31,"12":31,"13":31,"14":31,"15":31,"16":21,"17":10,"18":31,"19":31,"20":31,"21":31,"22":31,"23":31,"24":31,"25":31,"26":31,"27":31,"28":31,"29":31,"30":30,"31":31,"32":31,"33":31,"34":31,"35":0,"36":0,"37":58,"38":58,"39":58,"40":56,"41":55,"42":54,"43":54,"44":54,"45":28,"46":27,"47":53,"48":26,"49":53,"50":53,"51":53,"52":11,"53":11,"54":11,"55":8,"56":4,"57":8,"58":4,"59":4,"60":8,"61":8,"62":8,"63":8,"64":3,"65":3,"66":2,"67":1,"68":1,"69":1,"70":1,"71":55,"72":55,"73":54,"74":35,"75":11,"76":34,"77":24,"78":8,"79":4,"80":3,"81":4,"82":1,"83":69,"84":1,"85":68,"86":68,"87":68,"88":68,"89":18,"90":12,"91":5,"92":5,"93":7,"94":63,"95":5,"96":81,"97":81,"98":81,"99":1,"100":1,"101":1,"102":1,"103":36,"104":36},"b":{"1":[1,0],"2":[35,0],"3":[31,0],"4":[21,10],"5":[30,1],"6":[56,2],"7":[55,1],"8":[28,26],"9":[27,1],"10":[26,27],"11":[53,0],"12":[8,3],"13":[4,4],"14":[4,4],"15":[8,0],"16":[2,1],"17":[1,1],"18":[54,1],"19":[11,24],"20":[10,1],"21":[24,10],"22":[21,3],"23":[3,1],"24":[1,3],"25":[1,68],"26":[18,50],"27":[12,6],"28":[5,7],"29":[5,58],"30":[36,0],"31":[35,1]},"f":{"1":81,"2":1,"3":0,"4":0,"5":1,"6":35,"7":0,"8":58,"9":11,"10":3,"11":55,"12":35,"13":8,"14":4,"15":69,"16":81,"17":1,"18":36,"19":36},"fnMap":{"1":{"name":"constructor","line":119,"loc":{"start":{"line":119,"column":2},"end":{"line":122,"column":2}}},"2":{"name":"getNumberOfProposals","line":130,"loc":{"start":{"line":130,"column":2},"end":{"line":139,"column":2}}},"3":{"name":"getNumberOfVoters","line":146,"loc":{"start":{"line":146,"column":2},"end":{"line":152,"column":2}}},"4":{"name":"getStatus","line":159,"loc":{"start":{"line":159,"column":2},"end":{"line":165,"column":2}}},"5":{"name":"hasVoted","line":173,"loc":{"start":{"line":173,"column":2},"end":{"line":179,"column":2}}},"6":{"name":"createProposal","line":199,"loc":{"start":{"line":191,"column":2},"end":{"line":254,"column":2}}},"7":{"name":"refreshState","line":260,"loc":{"start":{"line":260,"column":2},"end":{"line":263,"column":2}}},"8":{"name":"vote","line":270,"loc":{"start":{"line":270,"column":2},"end":{"line":308,"column":2}}},"9":{"name":"finalize","line":314,"loc":{"start":{"line":314,"column":2},"end":{"line":342,"column":2}}},"10":{"name":"claimBond","line":348,"loc":{"start":{"line":348,"column":2},"end":{"line":371,"column":2}}},"11":{"name":"getVoiceCredits","line":380,"loc":{"start":{"line":380,"column":2},"end":{"line":390,"column":2}}},"12":{"name":"_assertProposalPreconditions","line":395,"loc":{"start":{"line":395,"column":2},"end":{"line":416,"column":2}}},"13":{"name":"_resetBeneficiaryPendingState","line":418,"loc":{"start":{"line":418,"column":2},"end":{"line":420,"column":2}}},"14":{"name":"_handleSuccessfulProposal","line":422,"loc":{"start":{"line":422,"column":2},"end":{"line":438,"column":2}}},"15":{"name":"_refreshState","line":444,"loc":{"start":{"line":444,"column":2},"end":{"line":472,"column":2}}},"16":{"name":"_setDefaults","line":474,"loc":{"start":{"line":474,"column":2},"end":{"line":478,"column":2}}},"17":{"name":"setConfiguration","line":482,"loc":{"start":{"line":482,"column":2},"end":{"line":492,"column":2}}},"18":{"name":"validAddress","line":496,"loc":{"start":{"line":496,"column":2},"end":{"line":499,"column":2}}},"19":{"name":"enoughBond","line":500,"loc":{"start":{"line":500,"column":2},"end":{"line":508,"column":2}}}},"statementMap":{"1":{"start":{"line":120,"column":4},"end":{"line":120,"column":39}},"2":{"start":{"line":121,"column":4},"end":{"line":121,"column":17}},"3":{"start":{"line":135,"column":4},"end":{"line":135,"column":4119}},"4":{"start":{"line":136,"column":6},"end":{"line":136,"column":31}},"5":{"start":{"line":138,"column":4},"end":{"line":138,"column":27}},"6":{"start":{"line":151,"column":4},"end":{"line":151,"column":44}},"7":{"start":{"line":164,"column":4},"end":{"line":164,"column":40}},"8":{"start":{"line":178,"column":4},"end":{"line":178,"column":48}},"9":{"start":{"line":202,"column":4},"end":{"line":202,"column":5742}},"10":{"start":{"line":208,"column":4},"end":{"line":208,"column":52}},"11":{"start":{"line":210,"column":4},"end":{"line":210,"column":5950}},"12":{"start":{"line":211,"column":6},"end":{"line":211,"column":6004}},"13":{"start":{"line":218,"column":4},"end":{"line":218,"column":41}},"14":{"start":{"line":219,"column":4},"end":{"line":219,"column":19}},"15":{"start":{"line":221,"column":4},"end":{"line":221,"column":6247}},"16":{"start":{"line":222,"column":6},"end":{"line":222,"column":33}},"17":{"start":{"line":224,"column":6},"end":{"line":224,"column":31}},"18":{"start":{"line":227,"column":4},"end":{"line":227,"column":53}},"19":{"start":{"line":229,"column":4},"end":{"line":229,"column":39}},"20":{"start":{"line":230,"column":4},"end":{"line":230,"column":38}},"21":{"start":{"line":231,"column":4},"end":{"line":231,"column":39}},"22":{"start":{"line":232,"column":4},"end":{"line":232,"column":44}},"23":{"start":{"line":233,"column":4},"end":{"line":233,"column":33}},"24":{"start":{"line":234,"column":4},"end":{"line":234,"column":39}},"25":{"start":{"line":235,"column":4},"end":{"line":235,"column":28}},"26":{"start":{"line":236,"column":4},"end":{"line":236,"column":32}},"27":{"start":{"line":237,"column":4},"end":{"line":237,"column":56}},"28":{"start":{"line":238,"column":4},"end":{"line":238,"column":6862}},"29":{"start":{"line":245,"column":4},"end":{"line":245,"column":7173}},"30":{"start":{"line":246,"column":6},"end":{"line":246,"column":31}},"31":{"start":{"line":249,"column":4},"end":{"line":249,"column":44}},"32":{"start":{"line":250,"column":4},"end":{"line":250,"column":56}},"33":{"start":{"line":251,"column":4},"end":{"line":251,"column":79}},"34":{"start":{"line":253,"column":4},"end":{"line":253,"column":21}},"35":{"start":{"line":261,"column":4},"end":{"line":261,"column":54}},"36":{"start":{"line":262,"column":4},"end":{"line":262,"column":26}},"37":{"start":{"line":271,"column":4},"end":{"line":271,"column":54}},"38":{"start":{"line":272,"column":4},"end":{"line":272,"column":26}},"39":{"start":{"line":274,"column":4},"end":{"line":274,"column":8032}},"40":{"start":{"line":279,"column":4},"end":{"line":279,"column":8205}},"41":{"start":{"line":284,"column":4},"end":{"line":284,"column":55}},"42":{"start":{"line":286,"column":4},"end":{"line":286,"column":37}},"43":{"start":{"line":287,"column":4},"end":{"line":287,"column":48}},"44":{"start":{"line":289,"column":4},"end":{"line":289,"column":8459}},"45":{"start":{"line":290,"column":6},"end":{"line":290,"column":8498}},"46":{"start":{"line":294,"column":6},"end":{"line":294,"column":58}},"47":{"start":{"line":297,"column":4},"end":{"line":297,"column":8687}},"48":{"start":{"line":298,"column":6},"end":{"line":298,"column":56}},"49":{"start":{"line":301,"column":4},"end":{"line":301,"column":8787}},"50":{"start":{"line":302,"column":6},"end":{"line":302,"column":8894}},"51":{"start":{"line":307,"column":4},"end":{"line":307,"column":53}},"52":{"start":{"line":315,"column":4},"end":{"line":315,"column":54}},"53":{"start":{"line":316,"column":4},"end":{"line":316,"column":26}},"54":{"start":{"line":318,"column":4},"end":{"line":318,"column":9298}},"55":{"start":{"line":323,"column":4},"end":{"line":323,"column":9413}},"56":{"start":{"line":324,"column":6},"end":{"line":324,"column":44}},"57":{"start":{"line":327,"column":4},"end":{"line":327,"column":9516}},"58":{"start":{"line":328,"column":6},"end":{"line":328,"column":44}},"59":{"start":{"line":330,"column":6},"end":{"line":330,"column":40}},"60":{"start":{"line":333,"column":4},"end":{"line":333,"column":54}},"61":{"start":{"line":335,"column":4},"end":{"line":335,"column":9720}},"62":{"start":{"line":336,"column":6},"end":{"line":336,"column":9800}},"63":{"start":{"line":341,"column":4},"end":{"line":341,"column":30}},"64":{"start":{"line":349,"column":4},"end":{"line":349,"column":54}},"65":{"start":{"line":350,"column":4},"end":{"line":350,"column":10170}},"66":{"start":{"line":354,"column":4},"end":{"line":354,"column":10278}},"67":{"start":{"line":358,"column":4},"end":{"line":358,"column":63}},"68":{"start":{"line":360,"column":4},"end":{"line":360,"column":10454}},"69":{"start":{"line":364,"column":4},"end":{"line":364,"column":10563}},"70":{"start":{"line":370,"column":4},"end":{"line":370,"column":42}},"71":{"start":{"line":385,"column":4},"end":{"line":385,"column":11113}},"72":{"start":{"line":388,"column":4},"end":{"line":388,"column":68}},"73":{"start":{"line":389,"column":4},"end":{"line":389,"column":23}},"74":{"start":{"line":399,"column":4},"end":{"line":399,"column":11549}},"75":{"start":{"line":400,"column":6},"end":{"line":400,"column":11614}},"76":{"start":{"line":407,"column":4},"end":{"line":407,"column":11822}},"77":{"start":{"line":408,"column":6},"end":{"line":408,"column":11889}},"78":{"start":{"line":419,"column":4},"end":{"line":419,"column":45}},"79":{"start":{"line":423,"column":4},"end":{"line":423,"column":12383}},"80":{"start":{"line":424,"column":6},"end":{"line":424,"column":12468}},"81":{"start":{"line":433,"column":4},"end":{"line":433,"column":12696}},"82":{"start":{"line":434,"column":6},"end":{"line":434,"column":12817}},"83":{"start":{"line":445,"column":4},"end":{"line":445,"column":13105}},"84":{"start":{"line":448,"column":6},"end":{"line":448,"column":12}},"85":{"start":{"line":450,"column":4},"end":{"line":450,"column":70}},"86":{"start":{"line":451,"column":4},"end":{"line":451,"column":66}},"87":{"start":{"line":452,"column":4},"end":{"line":452,"column":57}},"88":{"start":{"line":454,"column":4},"end":{"line":454,"column":13420}},"89":{"start":{"line":458,"column":6},"end":{"line":458,"column":13568}},"90":{"start":{"line":459,"column":8},"end":{"line":459,"column":13636}},"91":{"start":{"line":460,"column":10},"end":{"line":460,"column":62}},"92":{"start":{"line":462,"column":10},"end":{"line":462,"column":16}},"93":{"start":{"line":465,"column":8},"end":{"line":465,"column":56}},"94":{"start":{"line":469,"column":4},"end":{"line":469,"column":13851}},"95":{"start":{"line":470,"column":6},"end":{"line":470,"column":58}},"96":{"start":{"line":475,"column":4},"end":{"line":475,"column":46}},"97":{"start":{"line":476,"column":4},"end":{"line":476,"column":44}},"98":{"start":{"line":477,"column":4},"end":{"line":477,"column":47}},"99":{"start":{"line":487,"column":4},"end":{"line":487,"column":14382}},"100":{"start":{"line":489,"column":4},"end":{"line":489,"column":53}},"101":{"start":{"line":490,"column":4},"end":{"line":490,"column":49}},"102":{"start":{"line":491,"column":4},"end":{"line":491,"column":53}},"103":{"start":{"line":497,"column":4},"end":{"line":497,"column":60}},"104":{"start":{"line":501,"column":4},"end":{"line":501,"column":14831}}},"branchMap":{"1":{"line":135,"type":"if","locations":[{"start":{"line":135,"column":4},"end":{"line":135,"column":4}},{"start":{"line":135,"column":4},"end":{"line":135,"column":4}}]},"2":{"line":202,"type":"if","locations":[{"start":{"line":202,"column":4},"end":{"line":202,"column":4}},{"start":{"line":202,"column":4},"end":{"line":202,"column":4}}]},"3":{"line":210,"type":"if","locations":[{"start":{"line":210,"column":4},"end":{"line":210,"column":4}},{"start":{"line":210,"column":4},"end":{"line":210,"column":4}}]},"4":{"line":221,"type":"if","locations":[{"start":{"line":221,"column":4},"end":{"line":221,"column":4}},{"start":{"line":221,"column":4},"end":{"line":221,"column":4}}]},"5":{"line":245,"type":"if","locations":[{"start":{"line":245,"column":4},"end":{"line":245,"column":4}},{"start":{"line":245,"column":4},"end":{"line":245,"column":4}}]},"6":{"line":274,"type":"if","locations":[{"start":{"line":274,"column":4},"end":{"line":274,"column":4}},{"start":{"line":274,"column":4},"end":{"line":274,"column":4}}]},"7":{"line":279,"type":"if","locations":[{"start":{"line":279,"column":4},"end":{"line":279,"column":4}},{"start":{"line":279,"column":4},"end":{"line":279,"column":4}}]},"8":{"line":289,"type":"if","locations":[{"start":{"line":289,"column":4},"end":{"line":289,"column":4}},{"start":{"line":289,"column":4},"end":{"line":289,"column":4}}]},"9":{"line":290,"type":"if","locations":[{"start":{"line":290,"column":6},"end":{"line":290,"column":6}},{"start":{"line":290,"column":6},"end":{"line":290,"column":6}}]},"10":{"line":297,"type":"if","locations":[{"start":{"line":297,"column":4},"end":{"line":297,"column":4}},{"start":{"line":297,"column":4},"end":{"line":297,"column":4}}]},"11":{"line":301,"type":"if","locations":[{"start":{"line":301,"column":4},"end":{"line":301,"column":4}},{"start":{"line":301,"column":4},"end":{"line":301,"column":4}}]},"12":{"line":318,"type":"if","locations":[{"start":{"line":318,"column":4},"end":{"line":318,"column":4}},{"start":{"line":318,"column":4},"end":{"line":318,"column":4}}]},"13":{"line":323,"type":"if","locations":[{"start":{"line":323,"column":4},"end":{"line":323,"column":4}},{"start":{"line":323,"column":4},"end":{"line":323,"column":4}}]},"14":{"line":327,"type":"if","locations":[{"start":{"line":327,"column":4},"end":{"line":327,"column":4}},{"start":{"line":327,"column":4},"end":{"line":327,"column":4}}]},"15":{"line":335,"type":"if","locations":[{"start":{"line":335,"column":4},"end":{"line":335,"column":4}},{"start":{"line":335,"column":4},"end":{"line":335,"column":4}}]},"16":{"line":350,"type":"if","locations":[{"start":{"line":350,"column":4},"end":{"line":350,"column":4}},{"start":{"line":350,"column":4},"end":{"line":350,"column":4}}]},"17":{"line":354,"type":"if","locations":[{"start":{"line":354,"column":4},"end":{"line":354,"column":4}},{"start":{"line":354,"column":4},"end":{"line":354,"column":4}}]},"18":{"line":388,"type":"if","locations":[{"start":{"line":388,"column":4},"end":{"line":388,"column":4}},{"start":{"line":388,"column":4},"end":{"line":388,"column":4}}]},"19":{"line":399,"type":"if","locations":[{"start":{"line":399,"column":4},"end":{"line":399,"column":4}},{"start":{"line":399,"column":4},"end":{"line":399,"column":4}}]},"20":{"line":400,"type":"if","locations":[{"start":{"line":400,"column":6},"end":{"line":400,"column":6}},{"start":{"line":400,"column":6},"end":{"line":400,"column":6}}]},"21":{"line":407,"type":"if","locations":[{"start":{"line":407,"column":4},"end":{"line":407,"column":4}},{"start":{"line":407,"column":4},"end":{"line":407,"column":4}}]},"22":{"line":408,"type":"if","locations":[{"start":{"line":408,"column":6},"end":{"line":408,"column":6}},{"start":{"line":408,"column":6},"end":{"line":408,"column":6}}]},"23":{"line":423,"type":"if","locations":[{"start":{"line":423,"column":4},"end":{"line":423,"column":4}},{"start":{"line":423,"column":4},"end":{"line":423,"column":4}}]},"24":{"line":433,"type":"if","locations":[{"start":{"line":433,"column":4},"end":{"line":433,"column":4}},{"start":{"line":433,"column":4},"end":{"line":433,"column":4}}]},"25":{"line":445,"type":"if","locations":[{"start":{"line":445,"column":4},"end":{"line":445,"column":4}},{"start":{"line":445,"column":4},"end":{"line":445,"column":4}}]},"26":{"line":454,"type":"if","locations":[{"start":{"line":454,"column":4},"end":{"line":454,"column":4}},{"start":{"line":454,"column":4},"end":{"line":454,"column":4}}]},"27":{"line":458,"type":"if","locations":[{"start":{"line":458,"column":6},"end":{"line":458,"column":6}},{"start":{"line":458,"column":6},"end":{"line":458,"column":6}}]},"28":{"line":459,"type":"if","locations":[{"start":{"line":459,"column":8},"end":{"line":459,"column":8}},{"start":{"line":459,"column":8},"end":{"line":459,"column":8}}]},"29":{"line":469,"type":"if","locations":[{"start":{"line":469,"column":4},"end":{"line":469,"column":4}},{"start":{"line":469,"column":4},"end":{"line":469,"column":4}}]},"30":{"line":497,"type":"if","locations":[{"start":{"line":497,"column":4},"end":{"line":497,"column":4}},{"start":{"line":497,"column":4},"end":{"line":497,"column":4}}]},"31":{"line":501,"type":"if","locations":[{"start":{"line":501,"column":4},"end":{"line":501,"column":4}},{"start":{"line":501,"column":4},"end":{"line":501,"column":4}}]}}},"contracts/core/dao/BeneficiaryRegistry.sol":{"l":{"35":72,"49":26,"50":9,"58":2,"62":0,"76":9,"78":8,"79":8,"80":8,"82":8,"83":8,"89":8,"96":4,"99":4,"108":3,"109":3,"110":3,"111":3,"117":0,"118":0},"path":"/home/leon/workspace/packages/contracts/contracts/core/dao/BeneficiaryRegistry.sol","s":{"1":72,"2":26,"3":17,"4":9,"5":2,"6":0,"7":9,"8":8,"9":8,"10":8,"11":8,"12":8,"13":8,"14":4,"15":4,"16":3,"17":3,"18":0},"b":{"1":[17,9],"2":[8,0],"3":[8,0],"4":[8,0],"5":[3,1],"6":[3,0],"7":[0,0]},"f":{"1":72,"2":26,"3":2,"4":0,"5":9,"6":4,"7":0},"fnMap":{"1":{"name":"constructor","line":34,"loc":{"start":{"line":34,"column":2},"end":{"line":36,"column":2}}},"2":{"name":"beneficiaryExists","line":43,"loc":{"start":{"line":43,"column":2},"end":{"line":52,"column":2}}},"3":{"name":"getBeneficiary","line":57,"loc":{"start":{"line":57,"column":2},"end":{"line":59,"column":2}}},"4":{"name":"getBeneficiaryList","line":61,"loc":{"start":{"line":61,"column":2},"end":{"line":63,"column":2}}},"5":{"name":"addBeneficiary","line":71,"loc":{"start":{"line":71,"column":2},"end":{"line":90,"column":2}}},"6":{"name":"revokeBeneficiary","line":95,"loc":{"start":{"line":95,"column":2},"end":{"line":112,"column":2}}},"7":{"name":"validAddress","line":116,"loc":{"start":{"line":116,"column":2},"end":{"line":119,"column":2}}}},"statementMap":{"1":{"start":{"line":35,"column":4},"end":{"line":35,"column":39}},"2":{"start":{"line":49,"column":4},"end":{"line":49,"column":51}},"3":{"start":{"line":49,"column":39},"end":{"line":49,"column":51}},"4":{"start":{"line":50,"column":4},"end":{"line":50,"column":1309}},"5":{"start":{"line":58,"column":4},"end":{"line":58,"column":52}},"6":{"start":{"line":62,"column":4},"end":{"line":62,"column":28}},"7":{"start":{"line":76,"column":4},"end":{"line":76,"column":2146}},"8":{"start":{"line":78,"column":4},"end":{"line":78,"column":60}},"9":{"start":{"line":79,"column":4},"end":{"line":79,"column":54}},"10":{"start":{"line":80,"column":4},"end":{"line":80,"column":50}},"11":{"start":{"line":82,"column":4},"end":{"line":82,"column":35}},"12":{"start":{"line":83,"column":4},"end":{"line":83,"column":2439}},"13":{"start":{"line":89,"column":4},"end":{"line":89,"column":52}},"14":{"start":{"line":96,"column":4},"end":{"line":96,"column":2823}},"15":{"start":{"line":99,"column":4},"end":{"line":99,"column":2935}},"16":{"start":{"line":108,"column":4},"end":{"line":108,"column":49}},"17":{"start":{"line":111,"column":4},"end":{"line":111,"column":37}},"18":{"start":{"line":117,"column":4},"end":{"line":117,"column":60}}},"branchMap":{"1":{"line":49,"type":"if","locations":[{"start":{"line":49,"column":4},"end":{"line":49,"column":4}},{"start":{"line":49,"column":4},"end":{"line":49,"column":4}}]},"2":{"line":78,"type":"if","locations":[{"start":{"line":78,"column":4},"end":{"line":78,"column":4}},{"start":{"line":78,"column":4},"end":{"line":78,"column":4}}]},"3":{"line":79,"type":"if","locations":[{"start":{"line":79,"column":4},"end":{"line":79,"column":4}},{"start":{"line":79,"column":4},"end":{"line":79,"column":4}}]},"4":{"line":80,"type":"if","locations":[{"start":{"line":80,"column":4},"end":{"line":80,"column":4}},{"start":{"line":80,"column":4},"end":{"line":80,"column":4}}]},"5":{"line":99,"type":"if","locations":[{"start":{"line":99,"column":4},"end":{"line":99,"column":4}},{"start":{"line":99,"column":4},"end":{"line":99,"column":4}}]},"6":{"line":108,"type":"if","locations":[{"start":{"line":108,"column":4},"end":{"line":108,"column":4}},{"start":{"line":108,"column":4},"end":{"line":108,"column":4}}]},"7":{"line":117,"type":"if","locations":[{"start":{"line":117,"column":4},"end":{"line":117,"column":4}},{"start":{"line":117,"column":4},"end":{"line":117,"column":4}}]}}},"contracts/core/dao/BeneficiaryVaults.sol":{"l":{"46":348,"63":10,"64":10,"65":10,"66":10,"67":10,"68":10,"77":34,"81":145,"93":47,"95":47,"96":46,"102":45,"103":45,"104":45,"105":45,"106":45,"107":45,"108":45,"110":45,"119":7,"121":7,"122":7,"124":7,"125":7,"126":7,"128":7,"129":6,"130":6,"131":2,"134":7,"151":28,"152":27,"153":27,"160":26,"182":27,"186":24,"188":23,"190":23,"192":23,"194":22,"195":22,"196":22,"198":22,"200":22,"205":22,"213":48,"216":48,"218":47,"219":47,"222":46,"223":46,"224":138,"228":47,"231":47,"236":46,"237":46,"243":53,"244":53,"245":159,"246":49,"249":53,"255":108,"256":106},"path":"/home/leon/workspace/packages/contracts/contracts/core/dao/BeneficiaryVaults.sol","s":{"1":348,"2":10,"3":10,"4":10,"5":10,"6":10,"7":10,"8":34,"9":145,"10":47,"11":47,"12":46,"13":45,"14":45,"15":45,"16":45,"17":45,"18":45,"19":45,"20":7,"21":7,"22":7,"23":7,"24":7,"25":7,"26":7,"27":6,"28":6,"29":2,"30":7,"31":28,"32":27,"33":27,"34":26,"35":27,"36":24,"37":23,"38":23,"39":23,"40":22,"41":22,"42":22,"43":22,"44":22,"45":22,"46":48,"47":48,"48":47,"49":47,"50":46,"51":46,"52":138,"53":47,"54":47,"55":46,"56":46,"57":53,"58":53,"59":159,"60":53,"61":108},"b":{"1":[46,1],"2":[45,1],"3":[7,0],"4":[6,1],"5":[2,4],"6":[27,1],"7":[27,0],"8":[26,1],"9":[24,3],"10":[23,1],"11":[22,1],"12":[47,1],"13":[46,1],"14":[47,91],"15":[49,110],"16":[106,2]},"f":{"1":348,"2":10,"3":34,"4":145,"5":47,"6":7,"7":28,"8":27,"9":48,"10":53,"11":108},"fnMap":{"1":{"name":"constructor","line":45,"loc":{"start":{"line":45,"column":2},"end":{"line":47,"column":2}}},"2":{"name":"getVault","line":54,"loc":{"start":{"line":51,"column":2},"end":{"line":69,"column":2}}},"3":{"name":"hasClaimed","line":74,"loc":{"start":{"line":71,"column":2},"end":{"line":78,"column":2}}},"4":{"name":"vaultExists","line":80,"loc":{"start":{"line":80,"column":2},"end":{"line":82,"column":2}}},"5":{"name":"openVault","line":92,"loc":{"start":{"line":92,"column":2},"end":{"line":111,"column":2}}},"6":{"name":"closeVault","line":118,"loc":{"start":{"line":118,"column":2},"end":{"line":135,"column":2}}},"7":{"name":"verifyClaim","line":150,"loc":{"start":{"line":145,"column":2},"end":{"line":166,"column":2}}},"8":{"name":"claimReward","line":181,"loc":{"start":{"line":176,"column":2},"end":{"line":206,"column":2}}},"9":{"name":"allocateRewards","line":212,"loc":{"start":{"line":212,"column":2},"end":{"line":238,"column":2}}},"10":{"name":"_getOpenVaultCount","line":242,"loc":{"start":{"line":242,"column":2},"end":{"line":250,"column":2}}},"11":{"name":"_vaultExists","line":254,"loc":{"start":{"line":254,"column":2},"end":{"line":257,"column":2}}}},"statementMap":{"1":{"start":{"line":46,"column":4},"end":{"line":46,"column":39}},"2":{"start":{"line":63,"column":4},"end":{"line":63,"column":42}},"3":{"start":{"line":64,"column":4},"end":{"line":64,"column":40}},"4":{"start":{"line":65,"column":4},"end":{"line":65,"column":40}},"5":{"start":{"line":66,"column":4},"end":{"line":66,"column":40}},"6":{"start":{"line":67,"column":4},"end":{"line":67,"column":32}},"7":{"start":{"line":68,"column":4},"end":{"line":68,"column":24}},"8":{"start":{"line":77,"column":4},"end":{"line":77,"column":49}},"9":{"start":{"line":81,"column":4},"end":{"line":81,"column":60}},"10":{"start":{"line":93,"column":4},"end":{"line":93,"column":2659}},"11":{"start":{"line":95,"column":4},"end":{"line":95,"column":44}},"12":{"start":{"line":96,"column":4},"end":{"line":96,"column":2786}},"13":{"start":{"line":103,"column":4},"end":{"line":103,"column":42}},"14":{"start":{"line":104,"column":4},"end":{"line":104,"column":27}},"15":{"start":{"line":105,"column":4},"end":{"line":105,"column":27}},"16":{"start":{"line":106,"column":4},"end":{"line":106,"column":32}},"17":{"start":{"line":107,"column":4},"end":{"line":107,"column":33}},"18":{"start":{"line":108,"column":4},"end":{"line":108,"column":34}},"19":{"start":{"line":110,"column":4},"end":{"line":110,"column":43}},"20":{"start":{"line":119,"column":4},"end":{"line":119,"column":3534}},"21":{"start":{"line":121,"column":4},"end":{"line":121,"column":42}},"22":{"start":{"line":122,"column":4},"end":{"line":122,"column":66}},"23":{"start":{"line":124,"column":4},"end":{"line":124,"column":51}},"24":{"start":{"line":125,"column":4},"end":{"line":125,"column":27}},"25":{"start":{"line":126,"column":4},"end":{"line":126,"column":36}},"26":{"start":{"line":128,"column":4},"end":{"line":128,"column":3851}},"27":{"start":{"line":129,"column":6},"end":{"line":129,"column":73}},"28":{"start":{"line":130,"column":6},"end":{"line":130,"column":3963}},"29":{"start":{"line":131,"column":8},"end":{"line":131,"column":24}},"30":{"start":{"line":134,"column":4},"end":{"line":134,"column":30}},"31":{"start":{"line":151,"column":4},"end":{"line":151,"column":68}},"32":{"start":{"line":152,"column":4},"end":{"line":152,"column":77}},"33":{"start":{"line":153,"column":4},"end":{"line":153,"column":4760}},"34":{"start":{"line":160,"column":4},"end":{"line":160,"column":4967}},"35":{"start":{"line":182,"column":4},"end":{"line":182,"column":5697}},"36":{"start":{"line":186,"column":4},"end":{"line":186,"column":74}},"37":{"start":{"line":188,"column":4},"end":{"line":188,"column":42}},"38":{"start":{"line":190,"column":4},"end":{"line":190,"column":75}},"39":{"start":{"line":192,"column":4},"end":{"line":192,"column":35}},"40":{"start":{"line":194,"column":4},"end":{"line":194,"column":61}},"41":{"start":{"line":195,"column":4},"end":{"line":195,"column":55}},"42":{"start":{"line":196,"column":4},"end":{"line":196,"column":55}},"43":{"start":{"line":198,"column":4},"end":{"line":198,"column":37}},"44":{"start":{"line":200,"column":4},"end":{"line":200,"column":6268}},"45":{"start":{"line":205,"column":4},"end":{"line":205,"column":54}},"46":{"start":{"line":213,"column":4},"end":{"line":213,"column":6669}},"47":{"start":{"line":216,"column":4},"end":{"line":216,"column":55}},"48":{"start":{"line":218,"column":4},"end":{"line":218,"column":47}},"49":{"start":{"line":219,"column":4},"end":{"line":219,"column":48}},"50":{"start":{"line":222,"column":4},"end":{"line":222,"column":57}},"51":{"start":{"line":223,"column":4},"end":{"line":223,"column":7019}},"52":{"start":{"line":224,"column":6},"end":{"line":224,"column":7089}},"53":{"start":{"line":228,"column":8},"end":{"line":228,"column":7220}},"54":{"start":{"line":231,"column":8},"end":{"line":231,"column":7326}},"55":{"start":{"line":236,"column":4},"end":{"line":236,"column":70}},"56":{"start":{"line":237,"column":4},"end":{"line":237,"column":42}},"57":{"start":{"line":243,"column":4},"end":{"line":243,"column":28}},"58":{"start":{"line":244,"column":4},"end":{"line":244,"column":7695}},"59":{"start":{"line":245,"column":6},"end":{"line":245,"column":7735}},"60":{"start":{"line":249,"column":4},"end":{"line":249,"column":25}},"61":{"start":{"line":255,"column":4},"end":{"line":255,"column":53}}},"branchMap":{"1":{"line":95,"type":"if","locations":[{"start":{"line":95,"column":4},"end":{"line":95,"column":4}},{"start":{"line":95,"column":4},"end":{"line":95,"column":4}}]},"2":{"line":96,"type":"if","locations":[{"start":{"line":96,"column":4},"end":{"line":96,"column":4}},{"start":{"line":96,"column":4},"end":{"line":96,"column":4}}]},"3":{"line":122,"type":"if","locations":[{"start":{"line":122,"column":4},"end":{"line":122,"column":4}},{"start":{"line":122,"column":4},"end":{"line":122,"column":4}}]},"4":{"line":128,"type":"if","locations":[{"start":{"line":128,"column":4},"end":{"line":128,"column":4}},{"start":{"line":128,"column":4},"end":{"line":128,"column":4}}]},"5":{"line":130,"type":"if","locations":[{"start":{"line":130,"column":6},"end":{"line":130,"column":6}},{"start":{"line":130,"column":6},"end":{"line":130,"column":6}}]},"6":{"line":151,"type":"if","locations":[{"start":{"line":151,"column":4},"end":{"line":151,"column":4}},{"start":{"line":151,"column":4},"end":{"line":151,"column":4}}]},"7":{"line":152,"type":"if","locations":[{"start":{"line":152,"column":4},"end":{"line":152,"column":4}},{"start":{"line":152,"column":4},"end":{"line":152,"column":4}}]},"8":{"line":153,"type":"if","locations":[{"start":{"line":153,"column":4},"end":{"line":153,"column":4}},{"start":{"line":153,"column":4},"end":{"line":153,"column":4}}]},"9":{"line":182,"type":"if","locations":[{"start":{"line":182,"column":4},"end":{"line":182,"column":4}},{"start":{"line":182,"column":4},"end":{"line":182,"column":4}}]},"10":{"line":186,"type":"if","locations":[{"start":{"line":186,"column":4},"end":{"line":186,"column":4}},{"start":{"line":186,"column":4},"end":{"line":186,"column":4}}]},"11":{"line":192,"type":"if","locations":[{"start":{"line":192,"column":4},"end":{"line":192,"column":4}},{"start":{"line":192,"column":4},"end":{"line":192,"column":4}}]},"12":{"line":216,"type":"if","locations":[{"start":{"line":216,"column":4},"end":{"line":216,"column":4}},{"start":{"line":216,"column":4},"end":{"line":216,"column":4}}]},"13":{"line":219,"type":"if","locations":[{"start":{"line":219,"column":4},"end":{"line":219,"column":4}},{"start":{"line":219,"column":4},"end":{"line":219,"column":4}}]},"14":{"line":224,"type":"if","locations":[{"start":{"line":224,"column":6},"end":{"line":224,"column":6}},{"start":{"line":224,"column":6},"end":{"line":224,"column":6}}]},"15":{"line":245,"type":"if","locations":[{"start":{"line":245,"column":6},"end":{"line":245,"column":6}},{"start":{"line":245,"column":6},"end":{"line":245,"column":6}}]},"16":{"line":255,"type":"if","locations":[{"start":{"line":255,"column":4},"end":{"line":255,"column":4}},{"start":{"line":255,"column":4},"end":{"line":255,"column":4}}]}}},"contracts/core/dao/GrantElections.sol":{"l":{"100":111,"101":111,"123":8,"125":8,"126":8,"127":8,"128":8,"129":8,"133":8,"134":8,"139":8,"140":8,"141":8,"142":8,"146":0,"154":2,"162":1,"170":108,"182":38,"183":38,"184":38,"185":38,"186":6,"190":6,"194":2,"198":1,"205":37,"206":37,"207":1,"210":37,"211":37,"213":37,"214":37,"215":37,"216":37,"217":37,"218":37,"219":37,"220":37,"229":37,"230":36,"233":37,"249":111,"251":111,"253":111,"257":111,"263":111,"268":111,"270":110,"271":110,"273":110,"277":155,"278":155,"284":17,"285":17,"286":6,"299":26,"301":112,"310":29,"311":29,"312":29,"313":29,"314":28,"315":27,"316":27,"320":26,"325":25,"326":25,"330":25,"332":24,"334":108,"339":107,"340":107,"342":107,"348":107,"349":107,"351":23,"355":23,"356":23,"360":23,"364":4,"365":4,"366":4,"367":4,"371":3,"372":3,"376":3,"380":3,"381":3,"384":3,"385":3,"393":15,"396":14,"397":14,"402":12,"404":12,"405":1,"408":11,"412":11,"416":2,"417":2,"418":2,"419":2,"422":11,"423":11,"425":11,"431":7,"434":7,"435":7,"439":6,"443":4,"445":4,"449":4,"454":4,"458":4,"460":4,"464":1,"466":1,"472":111,"473":111,"474":5,"480":4,"489":111,"492":111,"493":111,"494":111,"495":111,"496":111,"497":111,"498":111,"499":111,"500":111,"501":111,"502":111,"504":111,"507":111,"508":111,"509":111,"510":111,"511":111,"512":111,"513":111,"514":111,"515":111,"516":111,"517":111,"519":111,"522":111,"523":111,"524":111,"525":111,"526":111,"527":111,"528":111,"529":111,"530":111,"531":111,"532":111,"536":107,"537":107,"538":107,"539":107,"540":319,"541":319,"544":0,"564":22,"566":22,"567":22,"568":22,"569":22,"570":22,"571":22,"572":22,"573":22,"574":22,"575":22,"576":22,"577":22,"583":0,"584":0},"path":"/home/leon/workspace/packages/contracts/contracts/core/dao/GrantElections.sol","s":{"1":111,"2":111,"3":8,"4":8,"5":8,"6":8,"7":8,"8":8,"9":8,"10":8,"11":8,"12":8,"13":8,"14":8,"15":0,"16":2,"17":1,"18":108,"19":38,"20":38,"21":38,"22":38,"23":6,"24":6,"25":2,"26":1,"27":37,"28":37,"29":1,"30":37,"31":37,"32":37,"33":37,"34":37,"35":37,"36":37,"37":37,"38":37,"39":37,"40":37,"41":36,"42":37,"43":111,"44":111,"45":111,"46":111,"47":111,"48":111,"49":110,"50":110,"51":110,"52":155,"53":155,"54":17,"55":17,"56":6,"57":138,"58":26,"59":112,"60":112,"61":29,"62":29,"63":29,"64":29,"65":28,"66":27,"67":27,"68":26,"69":25,"70":25,"71":25,"72":24,"73":108,"74":107,"75":107,"76":107,"77":107,"78":107,"79":23,"80":23,"81":23,"82":23,"83":4,"84":4,"85":4,"86":4,"87":3,"88":3,"89":3,"90":3,"91":3,"92":3,"93":3,"94":15,"95":14,"96":14,"97":12,"98":12,"99":1,"100":11,"101":11,"102":2,"103":2,"104":2,"105":2,"106":11,"107":11,"108":11,"109":7,"110":7,"111":7,"112":6,"113":4,"114":4,"115":4,"116":4,"117":4,"118":4,"119":1,"120":1,"121":111,"122":111,"123":5,"124":4,"125":111,"126":111,"127":111,"128":111,"129":111,"130":111,"131":111,"132":111,"133":111,"134":111,"135":111,"136":111,"137":111,"138":111,"139":111,"140":111,"141":111,"142":111,"143":111,"144":111,"145":111,"146":111,"147":111,"148":111,"149":111,"150":111,"151":111,"152":111,"153":111,"154":111,"155":111,"156":111,"157":111,"158":111,"159":111,"160":111,"161":107,"162":107,"163":107,"164":107,"165":319,"166":319,"167":0,"168":0,"169":22,"170":22,"171":22,"172":22,"173":22,"174":22,"175":22,"176":22,"177":22,"178":22,"179":22,"180":22,"181":22,"182":0},"b":{"1":[38,0],"2":[6,32],"3":[2,4],"4":[1,1],"5":[1,0],"6":[1,36],"7":[36,1],"8":[111,0],"9":[111,0],"10":[111,0],"11":[17,138],"12":[6,11],"13":[26,112],"14":[112,0],"15":[29,0],"16":[29,0],"17":[28,1],"18":[27,1],"19":[26,1],"20":[25,1],"21":[24,1],"22":[107,1],"23":[23,0],"24":[23,0],"25":[4,0],"26":[3,0],"27":[3,0],"28":[3,0],"29":[3,0],"30":[12,2],"31":[12,0],"32":[1,11],"33":[0,1],"34":[2,9],"35":[6,1],"36":[4,2],"37":[4,0],"38":[5,106],"39":[4,1],"40":[107,0],"41":[0,0],"42":[0,0]},"f":{"1":111,"2":8,"3":0,"4":2,"5":1,"6":108,"7":38,"8":111,"9":155,"10":29,"11":4,"12":3,"13":15,"14":7,"15":1,"16":111,"17":111,"18":107,"19":22,"20":0},"fnMap":{"1":{"name":"constructor","line":99,"loc":{"start":{"line":99,"column":2},"end":{"line":102,"column":2}}},"2":{"name":"getElectionMetadata","line":106,"loc":{"start":{"line":106,"column":2},"end":{"line":143,"column":2}}},"3":{"name":"electionEnabled","line":145,"loc":{"start":{"line":145,"column":2},"end":{"line":147,"column":2}}},"4":{"name":"getElectionMerkleRoot","line":149,"loc":{"start":{"line":149,"column":2},"end":{"line":155,"column":2}}},"5":{"name":"getRegisteredBeneficiaries","line":157,"loc":{"start":{"line":157,"column":2},"end":{"line":163,"column":2}}},"6":{"name":"_isEligibleBeneficiary","line":165,"loc":{"start":{"line":165,"column":2},"end":{"line":175,"column":2}}},"7":{"name":"initialize","line":181,"loc":{"start":{"line":181,"column":2},"end":{"line":238,"column":2}}},"8":{"name":"registerForElection","line":246,"loc":{"start":{"line":246,"column":2},"end":{"line":274,"column":2}}},"9":{"name":"refreshElectionState","line":276,"loc":{"start":{"line":276,"column":2},"end":{"line":303,"column":2}}},"10":{"name":"vote","line":305,"loc":{"start":{"line":305,"column":2},"end":{"line":361,"column":2}}},"11":{"name":"fundKeeperIncentive","line":363,"loc":{"start":{"line":363,"column":2},"end":{"line":368,"column":2}}},"12":{"name":"getRandomNumber","line":370,"loc":{"start":{"line":370,"column":2},"end":{"line":386,"column":2}}},"13":{"name":"proposeFinalization","line":390,"loc":{"start":{"line":390,"column":2},"end":{"line":426,"column":2}}},"14":{"name":"approveFinalization","line":428,"loc":{"start":{"line":428,"column":2},"end":{"line":461,"column":2}}},"15":{"name":"toggleRegistrationBondRequirement","line":463,"loc":{"start":{"line":463,"column":2},"end":{"line":469,"column":2}}},"16":{"name":"_collectRegistrationBond","line":471,"loc":{"start":{"line":471,"column":2},"end":{"line":486,"column":2}}},"17":{"name":"_setDefaults","line":488,"loc":{"start":{"line":488,"column":2},"end":{"line":533,"column":2}}},"18":{"name":"sqrt","line":535,"loc":{"start":{"line":535,"column":2},"end":{"line":546,"column":2}}},"19":{"name":"setConfiguration","line":550,"loc":{"start":{"line":550,"column":2},"end":{"line":578,"column":2}}},"20":{"name":"validAddress","line":582,"loc":{"start":{"line":582,"column":2},"end":{"line":585,"column":2}}}},"statementMap":{"1":{"start":{"line":100,"column":4},"end":{"line":100,"column":39}},"2":{"start":{"line":101,"column":4},"end":{"line":101,"column":17}},"3":{"start":{"line":123,"column":4},"end":{"line":123,"column":47}},"4":{"start":{"line":125,"column":4},"end":{"line":125,"column":19}},"5":{"start":{"line":126,"column":4},"end":{"line":126,"column":25}},"6":{"start":{"line":127,"column":4},"end":{"line":127,"column":59}},"7":{"start":{"line":128,"column":4},"end":{"line":128,"column":27}},"8":{"start":{"line":129,"column":4},"end":{"line":129,"column":3236}},"9":{"start":{"line":133,"column":4},"end":{"line":133,"column":61}},"10":{"start":{"line":134,"column":4},"end":{"line":134,"column":3410}},"11":{"start":{"line":139,"column":4},"end":{"line":139,"column":27}},"12":{"start":{"line":140,"column":4},"end":{"line":140,"column":63}},"13":{"start":{"line":141,"column":4},"end":{"line":141,"column":49}},"14":{"start":{"line":142,"column":4},"end":{"line":142,"column":33}},"15":{"start":{"line":146,"column":4},"end":{"line":146,"column":63}},"16":{"start":{"line":154,"column":4},"end":{"line":154,"column":44}},"17":{"start":{"line":162,"column":4},"end":{"line":162,"column":61}},"18":{"start":{"line":170,"column":4},"end":{"line":170,"column":4422}},"19":{"start":{"line":182,"column":4},"end":{"line":182,"column":79}},"20":{"start":{"line":183,"column":4},"end":{"line":183,"column":63}},"21":{"start":{"line":184,"column":4},"end":{"line":184,"column":34}},"22":{"start":{"line":185,"column":4},"end":{"line":185,"column":5045}},"23":{"start":{"line":186,"column":6},"end":{"line":186,"column":5083}},"24":{"start":{"line":190,"column":6},"end":{"line":190,"column":5182}},"25":{"start":{"line":194,"column":8},"end":{"line":194,"column":5298}},"26":{"start":{"line":198,"column":8},"end":{"line":198,"column":5432}},"27":{"start":{"line":205,"column":4},"end":{"line":205,"column":59}},"28":{"start":{"line":206,"column":4},"end":{"line":206,"column":5730}},"29":{"start":{"line":207,"column":6},"end":{"line":207,"column":58}},"30":{"start":{"line":210,"column":4},"end":{"line":210,"column":41}},"31":{"start":{"line":211,"column":4},"end":{"line":211,"column":46}},"32":{"start":{"line":213,"column":4},"end":{"line":213,"column":19}},"33":{"start":{"line":214,"column":4},"end":{"line":214,"column":53}},"34":{"start":{"line":215,"column":4},"end":{"line":215,"column":58}},"35":{"start":{"line":216,"column":4},"end":{"line":216,"column":54}},"36":{"start":{"line":217,"column":4},"end":{"line":217,"column":37}},"37":{"start":{"line":218,"column":4},"end":{"line":218,"column":39}},"38":{"start":{"line":219,"column":4},"end":{"line":219,"column":28}},"39":{"start":{"line":220,"column":4},"end":{"line":220,"column":6268}},"40":{"start":{"line":229,"column":4},"end":{"line":229,"column":6638}},"41":{"start":{"line":230,"column":6},"end":{"line":230,"column":31}},"42":{"start":{"line":233,"column":4},"end":{"line":233,"column":6704}},"43":{"start":{"line":249,"column":4},"end":{"line":249,"column":54}},"44":{"start":{"line":251,"column":4},"end":{"line":251,"column":36}},"45":{"start":{"line":253,"column":4},"end":{"line":253,"column":7332}},"46":{"start":{"line":257,"column":4},"end":{"line":257,"column":7455}},"47":{"start":{"line":263,"column":4},"end":{"line":263,"column":7664}},"48":{"start":{"line":268,"column":4},"end":{"line":268,"column":37}},"49":{"start":{"line":270,"column":4},"end":{"line":270,"column":56}},"50":{"start":{"line":271,"column":4},"end":{"line":271,"column":58}},"51":{"start":{"line":273,"column":4},"end":{"line":273,"column":57}},"52":{"start":{"line":277,"column":4},"end":{"line":277,"column":54}},"53":{"start":{"line":278,"column":4},"end":{"line":278,"column":8119}},"54":{"start":{"line":284,"column":6},"end":{"line":284,"column":50}},"55":{"start":{"line":285,"column":6},"end":{"line":285,"column":8357}},"56":{"start":{"line":286,"column":8},"end":{"line":286,"column":8423}},"57":{"start":{"line":295,"column":11},"end":{"line":295,"column":8711}},"58":{"start":{"line":299,"column":6},"end":{"line":299,"column":50}},"59":{"start":{"line":300,"column":11},"end":{"line":300,"column":8890}},"60":{"start":{"line":301,"column":6},"end":{"line":301,"column":56}},"61":{"start":{"line":310,"column":4},"end":{"line":310,"column":54}},"62":{"start":{"line":311,"column":4},"end":{"line":311,"column":64}},"63":{"start":{"line":312,"column":4},"end":{"line":312,"column":55}},"64":{"start":{"line":313,"column":4},"end":{"line":313,"column":66}},"65":{"start":{"line":314,"column":4},"end":{"line":314,"column":67}},"66":{"start":{"line":315,"column":4},"end":{"line":315,"column":36}},"67":{"start":{"line":316,"column":4},"end":{"line":316,"column":9495}},"68":{"start":{"line":320,"column":4},"end":{"line":320,"column":9606}},"69":{"start":{"line":325,"column":4},"end":{"line":325,"column":32}},"70":{"start":{"line":326,"column":4},"end":{"line":326,"column":9774}},"71":{"start":{"line":330,"column":4},"end":{"line":330,"column":74}},"72":{"start":{"line":332,"column":4},"end":{"line":332,"column":9959}},"73":{"start":{"line":334,"column":6},"end":{"line":334,"column":10196}},"74":{"start":{"line":339,"column":6},"end":{"line":339,"column":59}},"75":{"start":{"line":340,"column":6},"end":{"line":340,"column":56}},"76":{"start":{"line":342,"column":6},"end":{"line":342,"column":10441}},"77":{"start":{"line":348,"column":6},"end":{"line":348,"column":31}},"78":{"start":{"line":349,"column":6},"end":{"line":349,"column":39}},"79":{"start":{"line":351,"column":4},"end":{"line":351,"column":10662}},"80":{"start":{"line":355,"column":4},"end":{"line":355,"column":10763}},"81":{"start":{"line":356,"column":6},"end":{"line":356,"column":10873}},"82":{"start":{"line":360,"column":4},"end":{"line":360,"column":53}},"83":{"start":{"line":364,"column":4},"end":{"line":364,"column":71}},"84":{"start":{"line":365,"column":4},"end":{"line":365,"column":66}},"85":{"start":{"line":366,"column":4},"end":{"line":366,"column":59}},"86":{"start":{"line":367,"column":4},"end":{"line":367,"column":46}},"87":{"start":{"line":371,"column":4},"end":{"line":371,"column":54}},"88":{"start":{"line":372,"column":4},"end":{"line":372,"column":11470}},"89":{"start":{"line":376,"column":4},"end":{"line":376,"column":11595}},"90":{"start":{"line":380,"column":4},"end":{"line":380,"column":66}},"91":{"start":{"line":381,"column":4},"end":{"line":381,"column":11800}},"92":{"start":{"line":384,"column":4},"end":{"line":384,"column":62}},"93":{"start":{"line":385,"column":4},"end":{"line":385,"column":39}},"94":{"start":{"line":393,"column":4},"end":{"line":393,"column":12242}},"95":{"start":{"line":396,"column":4},"end":{"line":396,"column":54}},"96":{"start":{"line":397,"column":4},"end":{"line":397,"column":12379}},"97":{"start":{"line":402,"column":4},"end":{"line":402,"column":62}},"98":{"start":{"line":404,"column":4},"end":{"line":404,"column":12620}},"99":{"start":{"line":405,"column":6},"end":{"line":405,"column":65}},"100":{"start":{"line":408,"column":4},"end":{"line":408,"column":12776}},"101":{"start":{"line":412,"column":4},"end":{"line":412,"column":12872}},"102":{"start":{"line":416,"column":6},"end":{"line":416,"column":73}},"103":{"start":{"line":417,"column":6},"end":{"line":417,"column":54}},"104":{"start":{"line":418,"column":6},"end":{"line":418,"column":75}},"105":{"start":{"line":419,"column":6},"end":{"line":419,"column":62}},"106":{"start":{"line":422,"column":4},"end":{"line":422,"column":36}},"107":{"start":{"line":423,"column":4},"end":{"line":423,"column":62}},"108":{"start":{"line":425,"column":4},"end":{"line":425,"column":55}},"109":{"start":{"line":431,"column":4},"end":{"line":431,"column":13607}},"110":{"start":{"line":434,"column":4},"end":{"line":434,"column":54}},"111":{"start":{"line":435,"column":4},"end":{"line":435,"column":13744}},"112":{"start":{"line":439,"column":4},"end":{"line":439,"column":13856}},"113":{"start":{"line":443,"column":4},"end":{"line":443,"column":64}},"114":{"start":{"line":445,"column":4},"end":{"line":445,"column":14081}},"115":{"start":{"line":449,"column":4},"end":{"line":449,"column":14184}},"116":{"start":{"line":454,"column":4},"end":{"line":454,"column":14340}},"117":{"start":{"line":458,"column":4},"end":{"line":458,"column":51}},"118":{"start":{"line":460,"column":4},"end":{"line":460,"column":52}},"119":{"start":{"line":464,"column":4},"end":{"line":464,"column":14675}},"120":{"start":{"line":466,"column":4},"end":{"line":466,"column":14825}},"121":{"start":{"line":472,"column":4},"end":{"line":472,"column":71}},"122":{"start":{"line":473,"column":4},"end":{"line":473,"column":15044}},"123":{"start":{"line":474,"column":6},"end":{"line":474,"column":15125}},"124":{"start":{"line":480,"column":6},"end":{"line":480,"column":15303}},"125":{"start":{"line":489,"column":4},"end":{"line":489,"column":15492}},"126":{"start":{"line":492,"column":4},"end":{"line":492,"column":31}},"127":{"start":{"line":493,"column":4},"end":{"line":493,"column":30}},"128":{"start":{"line":494,"column":4},"end":{"line":494,"column":41}},"129":{"start":{"line":495,"column":4},"end":{"line":495,"column":51}},"130":{"start":{"line":496,"column":4},"end":{"line":496,"column":50}},"131":{"start":{"line":497,"column":4},"end":{"line":497,"column":40}},"132":{"start":{"line":498,"column":4},"end":{"line":498,"column":46}},"133":{"start":{"line":499,"column":4},"end":{"line":499,"column":43}},"134":{"start":{"line":500,"column":4},"end":{"line":500,"column":50}},"135":{"start":{"line":501,"column":4},"end":{"line":501,"column":33}},"136":{"start":{"line":502,"column":4},"end":{"line":502,"column":52}},"137":{"start":{"line":504,"column":4},"end":{"line":504,"column":16104}},"138":{"start":{"line":507,"column":4},"end":{"line":507,"column":33}},"139":{"start":{"line":508,"column":4},"end":{"line":508,"column":32}},"140":{"start":{"line":509,"column":4},"end":{"line":509,"column":43}},"141":{"start":{"line":510,"column":4},"end":{"line":510,"column":53}},"142":{"start":{"line":511,"column":4},"end":{"line":511,"column":53}},"143":{"start":{"line":512,"column":4},"end":{"line":512,"column":43}},"144":{"start":{"line":513,"column":4},"end":{"line":513,"column":49}},"145":{"start":{"line":514,"column":4},"end":{"line":514,"column":45}},"146":{"start":{"line":515,"column":4},"end":{"line":515,"column":52}},"147":{"start":{"line":516,"column":4},"end":{"line":516,"column":35}},"148":{"start":{"line":517,"column":4},"end":{"line":517,"column":54}},"149":{"start":{"line":519,"column":4},"end":{"line":519,"column":16745}},"150":{"start":{"line":522,"column":4},"end":{"line":522,"column":30}},"151":{"start":{"line":523,"column":4},"end":{"line":523,"column":29}},"152":{"start":{"line":524,"column":4},"end":{"line":524,"column":40}},"153":{"start":{"line":525,"column":4},"end":{"line":525,"column":50}},"154":{"start":{"line":526,"column":4},"end":{"line":526,"column":51}},"155":{"start":{"line":527,"column":4},"end":{"line":527,"column":40}},"156":{"start":{"line":528,"column":4},"end":{"line":528,"column":46}},"157":{"start":{"line":529,"column":4},"end":{"line":529,"column":43}},"158":{"start":{"line":530,"column":4},"end":{"line":530,"column":49}},"159":{"start":{"line":531,"column":4},"end":{"line":531,"column":32}},"160":{"start":{"line":532,"column":4},"end":{"line":532,"column":51}},"161":{"start":{"line":536,"column":4},"end":{"line":536,"column":17415}},"162":{"start":{"line":537,"column":6},"end":{"line":537,"column":10}},"163":{"start":{"line":538,"column":6},"end":{"line":538,"column":27}},"164":{"start":{"line":539,"column":6},"end":{"line":539,"column":17478}},"165":{"start":{"line":540,"column":8},"end":{"line":540,"column":12}},"166":{"start":{"line":541,"column":8},"end":{"line":541,"column":26}},"167":{"start":{"line":543,"column":11},"end":{"line":543,"column":17555}},"168":{"start":{"line":544,"column":6},"end":{"line":544,"column":10}},"169":{"start":{"line":564,"column":4},"end":{"line":564,"column":18030}},"170":{"start":{"line":566,"column":4},"end":{"line":566,"column":75}},"171":{"start":{"line":567,"column":4},"end":{"line":567,"column":30}},"172":{"start":{"line":568,"column":4},"end":{"line":568,"column":32}},"173":{"start":{"line":569,"column":4},"end":{"line":569,"column":46}},"174":{"start":{"line":570,"column":4},"end":{"line":570,"column":52}},"175":{"start":{"line":571,"column":4},"end":{"line":571,"column":40}},"176":{"start":{"line":572,"column":4},"end":{"line":572,"column":44}},"177":{"start":{"line":573,"column":4},"end":{"line":573,"column":49}},"178":{"start":{"line":574,"column":4},"end":{"line":574,"column":53}},"179":{"start":{"line":575,"column":4},"end":{"line":575,"column":58}},"180":{"start":{"line":576,"column":4},"end":{"line":576,"column":30}},"181":{"start":{"line":577,"column":4},"end":{"line":577,"column":34}},"182":{"start":{"line":583,"column":4},"end":{"line":583,"column":60}}},"branchMap":{"1":{"line":183,"type":"if","locations":[{"start":{"line":183,"column":4},"end":{"line":183,"column":4}},{"start":{"line":183,"column":4},"end":{"line":183,"column":4}}]},"2":{"line":185,"type":"if","locations":[{"start":{"line":185,"column":4},"end":{"line":185,"column":4}},{"start":{"line":185,"column":4},"end":{"line":185,"column":4}}]},"3":{"line":190,"type":"if","locations":[{"start":{"line":190,"column":6},"end":{"line":190,"column":6}},{"start":{"line":190,"column":6},"end":{"line":190,"column":6}}]},"4":{"line":194,"type":"if","locations":[{"start":{"line":194,"column":8},"end":{"line":194,"column":8}},{"start":{"line":194,"column":8},"end":{"line":194,"column":8}}]},"5":{"line":198,"type":"if","locations":[{"start":{"line":198,"column":8},"end":{"line":198,"column":8}},{"start":{"line":198,"column":8},"end":{"line":198,"column":8}}]},"6":{"line":206,"type":"if","locations":[{"start":{"line":206,"column":4},"end":{"line":206,"column":4}},{"start":{"line":206,"column":4},"end":{"line":206,"column":4}}]},"7":{"line":229,"type":"if","locations":[{"start":{"line":229,"column":4},"end":{"line":229,"column":4}},{"start":{"line":229,"column":4},"end":{"line":229,"column":4}}]},"8":{"line":253,"type":"if","locations":[{"start":{"line":253,"column":4},"end":{"line":253,"column":4}},{"start":{"line":253,"column":4},"end":{"line":253,"column":4}}]},"9":{"line":257,"type":"if","locations":[{"start":{"line":257,"column":4},"end":{"line":257,"column":4}},{"start":{"line":257,"column":4},"end":{"line":257,"column":4}}]},"10":{"line":263,"type":"if","locations":[{"start":{"line":263,"column":4},"end":{"line":263,"column":4}},{"start":{"line":263,"column":4},"end":{"line":263,"column":4}}]},"11":{"line":278,"type":"if","locations":[{"start":{"line":278,"column":4},"end":{"line":278,"column":4}},{"start":{"line":278,"column":4},"end":{"line":278,"column":4}}]},"12":{"line":285,"type":"if","locations":[{"start":{"line":285,"column":6},"end":{"line":285,"column":6}},{"start":{"line":285,"column":6},"end":{"line":285,"column":6}}]},"13":{"line":295,"type":"if","locations":[{"start":{"line":295,"column":11},"end":{"line":295,"column":11}},{"start":{"line":295,"column":11},"end":{"line":295,"column":11}}]},"14":{"line":300,"type":"if","locations":[{"start":{"line":300,"column":11},"end":{"line":300,"column":11}},{"start":{"line":300,"column":11},"end":{"line":300,"column":11}}]},"15":{"line":311,"type":"if","locations":[{"start":{"line":311,"column":4},"end":{"line":311,"column":4}},{"start":{"line":311,"column":4},"end":{"line":311,"column":4}}]},"16":{"line":312,"type":"if","locations":[{"start":{"line":312,"column":4},"end":{"line":312,"column":4}},{"start":{"line":312,"column":4},"end":{"line":312,"column":4}}]},"17":{"line":313,"type":"if","locations":[{"start":{"line":313,"column":4},"end":{"line":313,"column":4}},{"start":{"line":313,"column":4},"end":{"line":313,"column":4}}]},"18":{"line":314,"type":"if","locations":[{"start":{"line":314,"column":4},"end":{"line":314,"column":4}},{"start":{"line":314,"column":4},"end":{"line":314,"column":4}}]},"19":{"line":316,"type":"if","locations":[{"start":{"line":316,"column":4},"end":{"line":316,"column":4}},{"start":{"line":316,"column":4},"end":{"line":316,"column":4}}]},"20":{"line":320,"type":"if","locations":[{"start":{"line":320,"column":4},"end":{"line":320,"column":4}},{"start":{"line":320,"column":4},"end":{"line":320,"column":4}}]},"21":{"line":330,"type":"if","locations":[{"start":{"line":330,"column":4},"end":{"line":330,"column":4}},{"start":{"line":330,"column":4},"end":{"line":330,"column":4}}]},"22":{"line":334,"type":"if","locations":[{"start":{"line":334,"column":6},"end":{"line":334,"column":6}},{"start":{"line":334,"column":6},"end":{"line":334,"column":6}}]},"23":{"line":351,"type":"if","locations":[{"start":{"line":351,"column":4},"end":{"line":351,"column":4}},{"start":{"line":351,"column":4},"end":{"line":351,"column":4}}]},"24":{"line":355,"type":"if","locations":[{"start":{"line":355,"column":4},"end":{"line":355,"column":4}},{"start":{"line":355,"column":4},"end":{"line":355,"column":4}}]},"25":{"line":365,"type":"if","locations":[{"start":{"line":365,"column":4},"end":{"line":365,"column":4}},{"start":{"line":365,"column":4},"end":{"line":365,"column":4}}]},"26":{"line":372,"type":"if","locations":[{"start":{"line":372,"column":4},"end":{"line":372,"column":4}},{"start":{"line":372,"column":4},"end":{"line":372,"column":4}}]},"27":{"line":376,"type":"if","locations":[{"start":{"line":376,"column":4},"end":{"line":376,"column":4}},{"start":{"line":376,"column":4},"end":{"line":376,"column":4}}]},"28":{"line":380,"type":"if","locations":[{"start":{"line":380,"column":4},"end":{"line":380,"column":4}},{"start":{"line":380,"column":4},"end":{"line":380,"column":4}}]},"29":{"line":384,"type":"if","locations":[{"start":{"line":384,"column":4},"end":{"line":384,"column":4}},{"start":{"line":384,"column":4},"end":{"line":384,"column":4}}]},"30":{"line":397,"type":"if","locations":[{"start":{"line":397,"column":4},"end":{"line":397,"column":4}},{"start":{"line":397,"column":4},"end":{"line":397,"column":4}}]},"31":{"line":402,"type":"if","locations":[{"start":{"line":402,"column":4},"end":{"line":402,"column":4}},{"start":{"line":402,"column":4},"end":{"line":402,"column":4}}]},"32":{"line":404,"type":"if","locations":[{"start":{"line":404,"column":4},"end":{"line":404,"column":4}},{"start":{"line":404,"column":4},"end":{"line":404,"column":4}}]},"33":{"line":405,"type":"if","locations":[{"start":{"line":405,"column":6},"end":{"line":405,"column":6}},{"start":{"line":405,"column":6},"end":{"line":405,"column":6}}]},"34":{"line":412,"type":"if","locations":[{"start":{"line":412,"column":4},"end":{"line":412,"column":4}},{"start":{"line":412,"column":4},"end":{"line":412,"column":4}}]},"35":{"line":435,"type":"if","locations":[{"start":{"line":435,"column":4},"end":{"line":435,"column":4}},{"start":{"line":435,"column":4},"end":{"line":435,"column":4}}]},"36":{"line":439,"type":"if","locations":[{"start":{"line":439,"column":4},"end":{"line":439,"column":4}},{"start":{"line":439,"column":4},"end":{"line":439,"column":4}}]},"37":{"line":443,"type":"if","locations":[{"start":{"line":443,"column":4},"end":{"line":443,"column":4}},{"start":{"line":443,"column":4},"end":{"line":443,"column":4}}]},"38":{"line":473,"type":"if","locations":[{"start":{"line":473,"column":4},"end":{"line":473,"column":4}},{"start":{"line":473,"column":4},"end":{"line":473,"column":4}}]},"39":{"line":474,"type":"if","locations":[{"start":{"line":474,"column":6},"end":{"line":474,"column":6}},{"start":{"line":474,"column":6},"end":{"line":474,"column":6}}]},"40":{"line":536,"type":"if","locations":[{"start":{"line":536,"column":4},"end":{"line":536,"column":4}},{"start":{"line":536,"column":4},"end":{"line":536,"column":4}}]},"41":{"line":543,"type":"if","locations":[{"start":{"line":543,"column":11},"end":{"line":543,"column":11}},{"start":{"line":543,"column":11},"end":{"line":543,"column":11}}]},"42":{"line":583,"type":"if","locations":[{"start":{"line":583,"column":4},"end":{"line":583,"column":4}},{"start":{"line":583,"column":4},"end":{"line":583,"column":4}}]}}},"contracts/core/dao/Staking.sol":{"l":{"48":513,"64":88,"65":88,"66":88,"68":88,"69":18,"72":70,"73":70,"82":16,"83":16,"84":15,"86":16,"95":85,"99":579,"103":490,"104":183,"106":307,"113":218,"121":6,"132":59,"134":58,"135":58,"136":57,"137":56,"141":55,"142":54,"144":54,"146":54,"147":54,"148":54,"149":54,"153":5,"154":4,"158":3,"159":2,"163":1,"166":1,"170":6,"171":6,"172":5,"173":4,"174":3,"178":2,"179":2,"180":2,"183":2,"192":7,"193":6,"194":5,"196":5,"201":5,"202":5,"203":5,"204":5,"208":146,"209":146,"210":146,"212":146,"213":146,"215":146,"216":146,"220":146,"221":146,"222":146,"224":146,"229":1,"230":1,"237":62,"238":62,"239":62,"240":62,"244":54,"245":54,"246":54,"251":0,"259":5,"260":5,"261":3,"263":2,"275":57,"281":56,"282":47,"284":9,"285":9,"286":9,"293":56,"295":56,"300":55,"301":55,"302":55,"310":3,"312":3,"313":2,"319":272,"320":272,"321":272,"322":212,"323":212,"325":272},"path":"/home/leon/workspace/packages/contracts/contracts/core/dao/Staking.sol","s":{"1":513,"2":88,"3":88,"4":88,"5":88,"6":18,"7":70,"8":70,"9":16,"10":16,"11":15,"12":16,"13":85,"14":579,"15":490,"16":183,"17":307,"18":218,"19":6,"20":59,"21":58,"22":58,"23":57,"24":56,"25":55,"26":54,"27":54,"28":54,"29":54,"30":54,"31":54,"32":5,"33":4,"34":3,"35":2,"36":1,"37":1,"38":6,"39":6,"40":5,"41":4,"42":3,"43":2,"44":2,"45":2,"46":2,"47":7,"48":6,"49":5,"50":5,"51":5,"52":5,"53":5,"54":5,"55":146,"56":146,"57":146,"58":146,"59":146,"60":146,"61":146,"62":146,"63":146,"64":146,"65":146,"66":1,"67":1,"68":62,"69":62,"70":62,"71":62,"72":54,"73":54,"74":54,"75":0,"76":5,"77":5,"78":2,"79":57,"80":56,"81":47,"82":9,"83":9,"84":9,"85":56,"86":56,"87":55,"88":55,"89":55,"90":3,"91":3,"92":2,"93":272,"94":272,"95":272,"96":212,"97":212},"b":{"1":[18,70],"2":[15,1],"3":[183,307],"4":[57,1],"5":[56,1],"6":[55,1],"7":[54,1],"8":[54,0],"9":[4,1],"10":[3,1],"11":[2,1],"12":[1,1],"13":[5,1],"14":[4,1],"15":[3,1],"16":[2,1],"17":[6,1],"18":[5,1],"19":[5,0],"20":[146,0],"21":[54,0],"22":[5,0],"23":[3,2],"24":[56,1],"25":[47,9],"26":[55,1],"27":[2,1],"28":[212,60]},"f":{"1":513,"2":88,"3":16,"4":85,"5":579,"6":490,"7":218,"8":6,"9":59,"10":5,"11":6,"12":7,"13":146,"14":1,"15":62,"16":54,"17":5,"18":57,"19":3,"20":272},"fnMap":{"1":{"name":"constructor","line":47,"loc":{"start":{"line":47,"column":2},"end":{"line":49,"column":2}}},"2":{"name":"getVoiceCredits","line":58,"loc":{"start":{"line":58,"column":2},"end":{"line":74,"column":2}}},"3":{"name":"getWithdrawableBalance","line":76,"loc":{"start":{"line":76,"column":2},"end":{"line":87,"column":2}}},"4":{"name":"balanceOf","line":89,"loc":{"start":{"line":89,"column":2},"end":{"line":96,"column":2}}},"5":{"name":"lastTimeRewardApplicable","line":98,"loc":{"start":{"line":98,"column":2},"end":{"line":100,"column":2}}},"6":{"name":"rewardPerToken","line":102,"loc":{"start":{"line":102,"column":2},"end":{"line":110,"column":2}}},"7":{"name":"earned","line":112,"loc":{"start":{"line":112,"column":2},"end":{"line":118,"column":2}}},"8":{"name":"getRewardForDuration","line":120,"loc":{"start":{"line":120,"column":2},"end":{"line":122,"column":2}}},"9":{"name":"stake","line":130,"loc":{"start":{"line":126,"column":2},"end":{"line":150,"column":2}}},"10":{"name":"increaseLock","line":152,"loc":{"start":{"line":152,"column":2},"end":{"line":167,"column":2}}},"11":{"name":"increaseStake","line":169,"loc":{"start":{"line":169,"column":2},"end":{"line":184,"column":2}}},"12":{"name":"withdraw","line":190,"loc":{"start":{"line":186,"column":2},"end":{"line":205,"column":2}}},"13":{"name":"getReward","line":207,"loc":{"start":{"line":207,"column":2},"end":{"line":226,"column":2}}},"14":{"name":"exit","line":228,"loc":{"start":{"line":228,"column":2},"end":{"line":231,"column":2}}},"15":{"name":"recalculateVoiceCredits","line":236,"loc":{"start":{"line":236,"column":2},"end":{"line":241,"column":2}}},"16":{"name":"_lockTokens","line":243,"loc":{"start":{"line":243,"column":2},"end":{"line":256,"column":2}}},"17":{"name":"_clearWithdrawnFromLocked","line":258,"loc":{"start":{"line":258,"column":2},"end":{"line":268,"column":2}}},"18":{"name":"notifyRewardAmount","line":273,"loc":{"start":{"line":270,"column":2},"end":{"line":303,"column":2}}},"19":{"name":"updatePeriodFinish","line":308,"loc":{"start":{"line":306,"column":2},"end":{"line":314,"column":2}}},"20":{"name":"updateReward","line":318,"loc":{"start":{"line":318,"column":2},"end":{"line":326,"column":2}}}},"statementMap":{"1":{"start":{"line":48,"column":4},"end":{"line":48,"column":39}},"2":{"start":{"line":64,"column":4},"end":{"line":64,"column":54}},"3":{"start":{"line":65,"column":4},"end":{"line":65,"column":54}},"4":{"start":{"line":66,"column":4},"end":{"line":66,"column":41}},"5":{"start":{"line":68,"column":4},"end":{"line":68,"column":2251}},"6":{"start":{"line":69,"column":6},"end":{"line":69,"column":14}},"7":{"start":{"line":72,"column":4},"end":{"line":72,"column":75}},"8":{"start":{"line":73,"column":4},"end":{"line":73,"column":51}},"9":{"start":{"line":82,"column":4},"end":{"line":82,"column":28}},"10":{"start":{"line":83,"column":4},"end":{"line":83,"column":2623}},"11":{"start":{"line":84,"column":6},"end":{"line":84,"column":52}},"12":{"start":{"line":86,"column":4},"end":{"line":86,"column":23}},"13":{"start":{"line":95,"column":4},"end":{"line":95,"column":43}},"14":{"start":{"line":99,"column":4},"end":{"line":99,"column":50}},"15":{"start":{"line":103,"column":4},"end":{"line":103,"column":3110}},"16":{"start":{"line":104,"column":6},"end":{"line":104,"column":33}},"17":{"start":{"line":106,"column":4},"end":{"line":106,"column":3195}},"18":{"start":{"line":113,"column":4},"end":{"line":113,"column":3410}},"19":{"start":{"line":121,"column":4},"end":{"line":121,"column":39}},"20":{"start":{"line":132,"column":4},"end":{"line":132,"column":3891}},"21":{"start":{"line":134,"column":4},"end":{"line":134,"column":71}},"22":{"start":{"line":135,"column":4},"end":{"line":135,"column":56}},"23":{"start":{"line":136,"column":4},"end":{"line":136,"column":75}},"24":{"start":{"line":137,"column":4},"end":{"line":137,"column":4181}},"25":{"start":{"line":141,"column":4},"end":{"line":141,"column":72}},"26":{"start":{"line":142,"column":4},"end":{"line":142,"column":77}},"27":{"start":{"line":144,"column":4},"end":{"line":144,"column":59}},"28":{"start":{"line":146,"column":4},"end":{"line":146,"column":38}},"29":{"start":{"line":147,"column":4},"end":{"line":147,"column":38}},"30":{"start":{"line":148,"column":4},"end":{"line":148,"column":38}},"31":{"start":{"line":149,"column":4},"end":{"line":149,"column":46}},"32":{"start":{"line":153,"column":4},"end":{"line":153,"column":75}},"33":{"start":{"line":154,"column":4},"end":{"line":154,"column":4825}},"34":{"start":{"line":158,"column":4},"end":{"line":158,"column":77}},"35":{"start":{"line":159,"column":4},"end":{"line":159,"column":5018}},"36":{"start":{"line":163,"column":4},"end":{"line":163,"column":5139}},"37":{"start":{"line":166,"column":4},"end":{"line":166,"column":38}},"38":{"start":{"line":170,"column":4},"end":{"line":170,"column":71}},"39":{"start":{"line":171,"column":4},"end":{"line":171,"column":56}},"40":{"start":{"line":172,"column":4},"end":{"line":172,"column":72}},"41":{"start":{"line":173,"column":4},"end":{"line":173,"column":77}},"42":{"start":{"line":174,"column":4},"end":{"line":174,"column":5608}},"43":{"start":{"line":178,"column":4},"end":{"line":178,"column":59}},"44":{"start":{"line":179,"column":4},"end":{"line":179,"column":38}},"45":{"start":{"line":180,"column":4},"end":{"line":180,"column":5826}},"46":{"start":{"line":183,"column":4},"end":{"line":183,"column":38}},"47":{"start":{"line":192,"column":4},"end":{"line":192,"column":56}},"48":{"start":{"line":193,"column":4},"end":{"line":193,"column":74}},"49":{"start":{"line":194,"column":4},"end":{"line":194,"column":57}},"50":{"start":{"line":196,"column":4},"end":{"line":196,"column":6271}},"51":{"start":{"line":201,"column":4},"end":{"line":201,"column":38}},"52":{"start":{"line":202,"column":4},"end":{"line":202,"column":37}},"53":{"start":{"line":203,"column":4},"end":{"line":203,"column":38}},"54":{"start":{"line":204,"column":4},"end":{"line":204,"column":46}},"55":{"start":{"line":208,"column":4},"end":{"line":208,"column":40}},"56":{"start":{"line":209,"column":4},"end":{"line":209,"column":6671}},"57":{"start":{"line":210,"column":6},"end":{"line":210,"column":28}},"58":{"start":{"line":212,"column":6},"end":{"line":212,"column":42}},"59":{"start":{"line":213,"column":6},"end":{"line":213,"column":44}},"60":{"start":{"line":215,"column":6},"end":{"line":215,"column":73}},"61":{"start":{"line":216,"column":6},"end":{"line":216,"column":6931}},"62":{"start":{"line":220,"column":6},"end":{"line":220,"column":41}},"63":{"start":{"line":221,"column":6},"end":{"line":221,"column":55}},"64":{"start":{"line":222,"column":6},"end":{"line":222,"column":61}},"65":{"start":{"line":224,"column":6},"end":{"line":224,"column":41}},"66":{"start":{"line":229,"column":4},"end":{"line":229,"column":47}},"67":{"start":{"line":230,"column":4},"end":{"line":230,"column":14}},"68":{"start":{"line":237,"column":4},"end":{"line":237,"column":57}},"69":{"start":{"line":238,"column":4},"end":{"line":238,"column":63}},"70":{"start":{"line":239,"column":4},"end":{"line":239,"column":53}},"71":{"start":{"line":240,"column":4},"end":{"line":240,"column":65}},"72":{"start":{"line":244,"column":4},"end":{"line":244,"column":41}},"73":{"start":{"line":245,"column":4},"end":{"line":245,"column":7923}},"74":{"start":{"line":246,"column":6},"end":{"line":246,"column":7984}},"75":{"start":{"line":251,"column":6},"end":{"line":251,"column":8162}},"76":{"start":{"line":259,"column":4},"end":{"line":259,"column":8417}},"77":{"start":{"line":260,"column":6},"end":{"line":260,"column":8482}},"78":{"start":{"line":263,"column":8},"end":{"line":263,"column":8611}},"79":{"start":{"line":275,"column":4},"end":{"line":275,"column":8831}},"80":{"start":{"line":281,"column":4},"end":{"line":281,"column":9079}},"81":{"start":{"line":282,"column":6},"end":{"line":282,"column":43}},"82":{"start":{"line":284,"column":6},"end":{"line":284,"column":56}},"83":{"start":{"line":285,"column":6},"end":{"line":285,"column":47}},"84":{"start":{"line":286,"column":6},"end":{"line":286,"column":56}},"85":{"start":{"line":293,"column":4},"end":{"line":293,"column":9709}},"86":{"start":{"line":295,"column":4},"end":{"line":295,"column":9792}},"87":{"start":{"line":300,"column":4},"end":{"line":300,"column":35}},"88":{"start":{"line":301,"column":4},"end":{"line":301,"column":51}},"89":{"start":{"line":302,"column":4},"end":{"line":302,"column":29}},"90":{"start":{"line":310,"column":4},"end":{"line":310,"column":10196}},"91":{"start":{"line":312,"column":4},"end":{"line":312,"column":73}},"92":{"start":{"line":313,"column":4},"end":{"line":313,"column":28}},"93":{"start":{"line":319,"column":4},"end":{"line":319,"column":42}},"94":{"start":{"line":320,"column":4},"end":{"line":320,"column":46}},"95":{"start":{"line":321,"column":4},"end":{"line":321,"column":10567}},"96":{"start":{"line":322,"column":6},"end":{"line":322,"column":41}},"97":{"start":{"line":323,"column":6},"end":{"line":323,"column":60}}},"branchMap":{"1":{"line":68,"type":"if","locations":[{"start":{"line":68,"column":4},"end":{"line":68,"column":4}},{"start":{"line":68,"column":4},"end":{"line":68,"column":4}}]},"2":{"line":83,"type":"if","locations":[{"start":{"line":83,"column":4},"end":{"line":83,"column":4}},{"start":{"line":83,"column":4},"end":{"line":83,"column":4}}]},"3":{"line":103,"type":"if","locations":[{"start":{"line":103,"column":4},"end":{"line":103,"column":4}},{"start":{"line":103,"column":4},"end":{"line":103,"column":4}}]},"4":{"line":135,"type":"if","locations":[{"start":{"line":135,"column":4},"end":{"line":135,"column":4}},{"start":{"line":135,"column":4},"end":{"line":135,"column":4}}]},"5":{"line":136,"type":"if","locations":[{"start":{"line":136,"column":4},"end":{"line":136,"column":4}},{"start":{"line":136,"column":4},"end":{"line":136,"column":4}}]},"6":{"line":137,"type":"if","locations":[{"start":{"line":137,"column":4},"end":{"line":137,"column":4}},{"start":{"line":137,"column":4},"end":{"line":137,"column":4}}]},"7":{"line":141,"type":"if","locations":[{"start":{"line":141,"column":4},"end":{"line":141,"column":4}},{"start":{"line":141,"column":4},"end":{"line":141,"column":4}}]},"8":{"line":142,"type":"if","locations":[{"start":{"line":142,"column":4},"end":{"line":142,"column":4}},{"start":{"line":142,"column":4},"end":{"line":142,"column":4}}]},"9":{"line":153,"type":"if","locations":[{"start":{"line":153,"column":4},"end":{"line":153,"column":4}},{"start":{"line":153,"column":4},"end":{"line":153,"column":4}}]},"10":{"line":154,"type":"if","locations":[{"start":{"line":154,"column":4},"end":{"line":154,"column":4}},{"start":{"line":154,"column":4},"end":{"line":154,"column":4}}]},"11":{"line":158,"type":"if","locations":[{"start":{"line":158,"column":4},"end":{"line":158,"column":4}},{"start":{"line":158,"column":4},"end":{"line":158,"column":4}}]},"12":{"line":159,"type":"if","locations":[{"start":{"line":159,"column":4},"end":{"line":159,"column":4}},{"start":{"line":159,"column":4},"end":{"line":159,"column":4}}]},"13":{"line":171,"type":"if","locations":[{"start":{"line":171,"column":4},"end":{"line":171,"column":4}},{"start":{"line":171,"column":4},"end":{"line":171,"column":4}}]},"14":{"line":172,"type":"if","locations":[{"start":{"line":172,"column":4},"end":{"line":172,"column":4}},{"start":{"line":172,"column":4},"end":{"line":172,"column":4}}]},"15":{"line":173,"type":"if","locations":[{"start":{"line":173,"column":4},"end":{"line":173,"column":4}},{"start":{"line":173,"column":4},"end":{"line":173,"column":4}}]},"16":{"line":174,"type":"if","locations":[{"start":{"line":174,"column":4},"end":{"line":174,"column":4}},{"start":{"line":174,"column":4},"end":{"line":174,"column":4}}]},"17":{"line":192,"type":"if","locations":[{"start":{"line":192,"column":4},"end":{"line":192,"column":4}},{"start":{"line":192,"column":4},"end":{"line":192,"column":4}}]},"18":{"line":193,"type":"if","locations":[{"start":{"line":193,"column":4},"end":{"line":193,"column":4}},{"start":{"line":193,"column":4},"end":{"line":193,"column":4}}]},"19":{"line":194,"type":"if","locations":[{"start":{"line":194,"column":4},"end":{"line":194,"column":4}},{"start":{"line":194,"column":4},"end":{"line":194,"column":4}}]},"20":{"line":209,"type":"if","locations":[{"start":{"line":209,"column":4},"end":{"line":209,"column":4}},{"start":{"line":209,"column":4},"end":{"line":209,"column":4}}]},"21":{"line":245,"type":"if","locations":[{"start":{"line":245,"column":4},"end":{"line":245,"column":4}},{"start":{"line":245,"column":4},"end":{"line":245,"column":4}}]},"22":{"line":259,"type":"if","locations":[{"start":{"line":259,"column":4},"end":{"line":259,"column":4}},{"start":{"line":259,"column":4},"end":{"line":259,"column":4}}]},"23":{"line":260,"type":"if","locations":[{"start":{"line":260,"column":6},"end":{"line":260,"column":6}},{"start":{"line":260,"column":6},"end":{"line":260,"column":6}}]},"24":{"line":275,"type":"if","locations":[{"start":{"line":275,"column":4},"end":{"line":275,"column":4}},{"start":{"line":275,"column":4},"end":{"line":275,"column":4}}]},"25":{"line":281,"type":"if","locations":[{"start":{"line":281,"column":4},"end":{"line":281,"column":4}},{"start":{"line":281,"column":4},"end":{"line":281,"column":4}}]},"26":{"line":295,"type":"if","locations":[{"start":{"line":295,"column":4},"end":{"line":295,"column":4}},{"start":{"line":295,"column":4},"end":{"line":295,"column":4}}]},"27":{"line":312,"type":"if","locations":[{"start":{"line":312,"column":4},"end":{"line":312,"column":4}},{"start":{"line":312,"column":4},"end":{"line":312,"column":4}}]},"28":{"line":321,"type":"if","locations":[{"start":{"line":321,"column":4},"end":{"line":321,"column":4}},{"start":{"line":321,"column":4},"end":{"line":321,"column":4}}]}}},"contracts/core/defi/hysi_batch/HysiBatchInteraction.sol":{"l":{"137":183,"138":183,"139":183,"140":183,"142":183,"144":183,"145":183,"146":183,"147":183,"148":183,"150":183,"151":183,"164":4,"176":62,"182":62,"183":62,"184":62,"193":32,"194":32,"195":32,"209":14,"211":14,"212":14,"213":14,"214":12,"220":12,"223":12,"224":12,"226":12,"227":7,"229":5,"231":12,"243":7,"244":7,"246":5,"247":5,"248":5,"254":5,"258":5,"261":5,"262":5,"265":5,"266":2,"268":3,"271":5,"278":5,"293":8,"295":7,"297":7,"298":26,"299":26,"303":26,"304":25,"305":24,"307":23,"309":23,"312":23,"313":23,"315":23,"317":4,"319":4,"320":3,"323":4,"324":1,"327":4,"343":35,"345":34,"350":34,"357":33,"360":33,"366":33,"375":33,"378":33,"380":33,"382":66,"385":66,"391":66,"394":66,"399":66,"402":66,"406":33,"409":33,"411":66,"416":66,"422":66,"431":66,"438":33,"442":33,"443":33,"450":33,"453":33,"456":33,"459":33,"462":33,"464":33,"471":33,"482":11,"484":10,"489":10,"495":9,"498":9,"504":9,"513":9,"519":9,"526":9,"528":9,"530":18,"535":18,"540":18,"548":9,"552":9,"557":9,"564":9,"567":9,"570":9,"584":19,"591":19,"594":19,"598":2,"600":19,"612":408,"613":408,"614":408,"615":408,"616":408,"618":408,"619":216,"620":216,"621":216,"623":408,"624":192,"625":192,"626":192,"628":408,"643":98,"646":98,"647":98,"648":98,"653":98,"655":98,"667":66,"671":66,"672":66,"677":66,"691":18,"695":18,"696":18,"701":18,"715":66,"719":66,"720":66,"723":66,"734":18,"738":18,"739":18,"742":18,"753":408,"767":1,"769":1,"783":184,"784":367,"794":2,"796":1,"804":2,"806":1,"814":2,"816":1},"path":"/home/leon/workspace/packages/contracts/contracts/core/defi/hysi_batch/HysiBatchInteraction.sol","s":{"1":183,"2":183,"3":183,"4":183,"5":183,"6":183,"7":183,"8":183,"9":183,"10":183,"11":183,"12":183,"13":4,"14":62,"15":62,"16":62,"17":62,"18":32,"19":32,"20":32,"21":14,"22":14,"23":14,"24":14,"25":12,"26":12,"27":12,"28":12,"29":12,"30":7,"31":5,"32":12,"33":7,"34":7,"35":5,"36":5,"37":5,"38":5,"39":5,"40":5,"41":5,"42":5,"43":2,"44":3,"45":5,"46":5,"47":8,"48":7,"49":7,"50":26,"51":26,"52":26,"53":25,"54":24,"55":23,"56":23,"57":23,"58":23,"59":23,"60":4,"61":4,"62":3,"63":4,"64":1,"65":4,"66":35,"67":34,"68":34,"69":33,"70":33,"71":33,"72":33,"73":33,"74":33,"75":66,"76":66,"77":66,"78":66,"79":66,"80":66,"81":33,"82":33,"83":66,"84":66,"85":66,"86":66,"87":33,"88":33,"89":33,"90":33,"91":33,"92":33,"93":33,"94":33,"95":33,"96":33,"97":11,"98":10,"99":10,"100":9,"101":9,"102":9,"103":9,"104":9,"105":9,"106":9,"107":18,"108":18,"109":18,"110":9,"111":9,"112":9,"113":9,"114":9,"115":9,"116":19,"117":19,"118":19,"119":2,"120":19,"121":408,"122":408,"123":408,"124":408,"125":408,"126":408,"127":216,"128":216,"129":216,"130":408,"131":192,"132":192,"133":192,"134":408,"135":98,"136":98,"137":98,"138":98,"139":98,"140":98,"141":66,"142":66,"143":66,"144":66,"145":18,"146":18,"147":18,"148":18,"149":66,"150":66,"151":66,"152":66,"153":18,"154":18,"155":18,"156":18,"157":408,"158":1,"159":1,"160":184,"161":367,"162":2,"163":1,"164":2,"165":1,"166":2,"167":1},"b":{"1":[62,0],"2":[62,0],"3":[32,0],"4":[12,2],"5":[12,0],"6":[7,5],"7":[5,2],"8":[5,0],"9":[2,3],"10":[7,1],"11":[25,1],"12":[24,1],"13":[23,1],"14":[4,0],"15":[3,1],"16":[1,3],"17":[33,1],"18":[33,0],"19":[33,0],"20":[33,0],"21":[9,1],"22":[9,0],"23":[9,0],"24":[9,0],"25":[19,0],"26":[2,17],"27":[216,192],"28":[192,216]},"f":{"1":183,"2":4,"3":62,"4":32,"5":14,"6":7,"7":8,"8":35,"9":11,"10":19,"11":408,"12":98,"13":66,"14":18,"15":66,"16":18,"17":408,"18":1,"19":184,"20":2,"21":2,"22":2},"fnMap":{"1":{"name":"constructor","line":126,"loc":{"start":{"line":126,"column":2},"end":{"line":152,"column":2}}},"2":{"name":"getAccountBatches","line":159,"loc":{"start":{"line":159,"column":2},"end":{"line":165,"column":2}}},"3":{"name":"depositForMint","line":175,"loc":{"start":{"line":175,"column":2},"end":{"line":185,"column":2}}},"4":{"name":"depositForRedeem","line":192,"loc":{"start":{"line":192,"column":2},"end":{"line":196,"column":2}}},"5":{"name":"withdrawFromBatch","line":204,"loc":{"start":{"line":204,"column":2},"end":{"line":232,"column":2}}},"6":{"name":"claim","line":239,"loc":{"start":{"line":239,"column":2},"end":{"line":279,"column":2}}},"7":{"name":"moveUnclaimedDepositsIntoCurrentBatch","line":288,"loc":{"start":{"line":288,"column":2},"end":{"line":332,"column":2}}},"8":{"name":"batchMint","line":342,"loc":{"start":{"line":342,"column":2},"end":{"line":472,"column":2}}},"9":{"name":"batchRedeem","line":481,"loc":{"start":{"line":481,"column":2},"end":{"line":571,"column":2}}},"10":{"name":"_getRecipient","line":582,"loc":{"start":{"line":582,"column":2},"end":{"line":601,"column":2}}},"11":{"name":"_generateNextBatch","line":608,"loc":{"start":{"line":608,"column":2},"end":{"line":629,"column":2}}},"12":{"name":"_deposit","line":638,"loc":{"start":{"line":638,"column":2},"end":{"line":656,"column":2}}},"13":{"name":"_sendToCurve","line":663,"loc":{"start":{"line":663,"column":2},"end":{"line":678,"column":2}}},"14":{"name":"_withdrawFromCurve","line":686,"loc":{"start":{"line":686,"column":2},"end":{"line":702,"column":2}}},"15":{"name":"_sendToYearn","line":710,"loc":{"start":{"line":710,"column":2},"end":{"line":724,"column":2}}},"16":{"name":"_withdrawFromYearn","line":731,"loc":{"start":{"line":731,"column":2},"end":{"line":743,"column":2}}},"17":{"name":"_generateNextBatchId","line":749,"loc":{"start":{"line":749,"column":2},"end":{"line":754,"column":2}}},"18":{"name":"setCurvePoolTokenPairs","line":763,"loc":{"start":{"line":763,"column":2},"end":{"line":770,"column":2}}},"19":{"name":"_setCurvePoolTokenPairs","line":779,"loc":{"start":{"line":779,"column":2},"end":{"line":786,"column":2}}},"20":{"name":"setBatchCooldown","line":793,"loc":{"start":{"line":793,"column":2},"end":{"line":797,"column":2}}},"21":{"name":"setMintThreshold","line":803,"loc":{"start":{"line":803,"column":2},"end":{"line":807,"column":2}}},"22":{"name":"setRedeemThreshold","line":813,"loc":{"start":{"line":813,"column":2},"end":{"line":817,"column":2}}}},"statementMap":{"1":{"start":{"line":137,"column":4},"end":{"line":137,"column":39}},"2":{"start":{"line":138,"column":4},"end":{"line":138,"column":23}},"3":{"start":{"line":139,"column":4},"end":{"line":139,"column":23}},"4":{"start":{"line":140,"column":4},"end":{"line":140,"column":48}},"5":{"start":{"line":142,"column":4},"end":{"line":142,"column":66}},"6":{"start":{"line":144,"column":4},"end":{"line":144,"column":33}},"7":{"start":{"line":145,"column":4},"end":{"line":145,"column":33}},"8":{"start":{"line":146,"column":4},"end":{"line":146,"column":37}},"9":{"start":{"line":147,"column":4},"end":{"line":147,"column":33}},"10":{"start":{"line":148,"column":4},"end":{"line":148,"column":35}},"11":{"start":{"line":1
[...]
7}},"12":{"start":{"line":97,"column":4},"end":{"line":97,"column":3524}},"13":{"start":{"line":102,"column":4},"end":{"line":102,"column":35}},"14":{"start":{"line":103,"column":4},"end":{"line":103,"column":52}},"15":{"start":{"line":104,"column":4},"end":{"line":104,"column":47}},"16":{"start":{"line":106,"column":4},"end":{"line":106,"column":65}},"17":{"start":{"line":107,"column":4},"end":{"line":107,"column":3870}},"18":{"start":{"line":114,"column":4},"end":{"line":114,"column":57}},"19":{"start":{"line":116,"column":4},"end":{"line":116,"column":19}},"20":{"start":{"line":124,"column":4},"end":{"line":124,"column":4428}},"21":{"start":{"line":126,"column":4},"end":{"line":126,"column":4541}},"22":{"start":{"line":129,"column":4},"end":{"line":129,"column":49}},"23":{"start":{"line":132,"column":4},"end":{"line":132,"column":4792}},"24":{"start":{"line":134,"column":4},"end":{"line":134,"column":4900}},"25":{"start":{"line":136,"column":4},"end":{"line":136,"column":5010}},"26":{"start":{"line":138,"column":4},"end":{"line":138,"column":5129}},"27":{"start":{"line":141,"column":4},"end":{"line":141,"column":38}},"28":{"start":{"line":142,"column":4},"end":{"line":142,"column":40}},"29":{"start":{"line":143,"column":4},"end":{"line":143,"column":42}},"30":{"start":{"line":144,"column":4},"end":{"line":144,"column":47}},"31":{"start":{"line":146,"column":4},"end":{"line":146,"column":44}},"32":{"start":{"line":152,"column":4},"end":{"line":152,"column":28}},"33":{"start":{"line":152,"column":22},"end":{"line":152,"column":28}},"34":{"start":{"line":153,"column":4},"end":{"line":153,"column":72}},"35":{"start":{"line":155,"column":4},"end":{"line":155,"column":5641}},"36":{"start":{"line":159,"column":4},"end":{"line":159,"column":48}},"37":{"start":{"line":160,"column":4},"end":{"line":160,"column":43}},"38":{"start":{"line":164,"column":4},"end":{"line":164,"column":28}},"39":{"start":{"line":164,"column":22},"end":{"line":164,"column":28}},"40":{"start":{"line":165,"column":4},"end":{"line":165,"column":74}},"41":{"start":{"line":166,"column":4},"end":{"line":166,"column":6014}},"42":{"start":{"line":170,"column":4},"end":{"line":170,"column":45}},"43":{"start":{"line":174,"column":4},"end":{"line":174,"column":28}},"44":{"start":{"line":174,"column":22},"end":{"line":174,"column":28}},"45":{"start":{"line":175,"column":4},"end":{"line":175,"column":76}},"46":{"start":{"line":176,"column":4},"end":{"line":176,"column":6342}},"47":{"start":{"line":180,"column":4},"end":{"line":180,"column":47}},"48":{"start":{"line":184,"column":4},"end":{"line":184,"column":28}},"49":{"start":{"line":184,"column":22},"end":{"line":184,"column":28}},"50":{"start":{"line":186,"column":4},"end":{"line":186,"column":71}},"51":{"start":{"line":187,"column":4},"end":{"line":187,"column":6755}},"52":{"start":{"line":190,"column":4},"end":{"line":190,"column":49}},"53":{"start":{"line":191,"column":4},"end":{"line":191,"column":6913}},"54":{"start":{"line":192,"column":6},"end":{"line":192,"column":41}},"55":{"start":{"line":194,"column":4},"end":{"line":194,"column":44}},"56":{"start":{"line":205,"column":4},"end":{"line":205,"column":7475}},"57":{"start":{"line":207,"column":4},"end":{"line":207,"column":21}},"58":{"start":{"line":208,"column":4},"end":{"line":208,"column":7578}},"59":{"start":{"line":209,"column":6},"end":{"line":209,"column":7618}},"60":{"start":{"line":213,"column":6},"end":{"line":213,"column":31}},"61":{"start":{"line":215,"column":4},"end":{"line":215,"column":50}},"62":{"start":{"line":216,"column":4},"end":{"line":216,"column":25}},"63":{"start":{"line":217,"column":4},"end":{"line":217,"column":37}}},"branchMap":{"1":{"line":95,"type":"if","locations":[{"start":{"line":95,"column":4},"end":{"line":95,"column":4}},{"start":{"line":95,"column":4},"end":{"line":95,"column":4}}]},"2":{"line":96,"type":"if","locations":[{"start":{"line":96,"column":4},"end":{"line":96,"column":4}},{"start":{"line":96,"column":4},"end":{"line":96,"column":4}}]},"3":{"line":97,"type":"if","locations":[{"start":{"line":97,"column":4},"end":{"line":97,"column":4}},{"start":{"line":97,"column":4},"end":{"line":97,"column":4}}]},"4":{"line":104,"type":"if","locations":[{"start":{"line":104,"column":4},"end":{"line":104,"column":4}},{"start":{"line":104,"column":4},"end":{"line":104,"column":4}}]},"5":{"line":129,"type":"if","locations":[{"start":{"line":129,"column":4},"end":{"line":129,"column":4}},{"start":{"line":129,"column":4},"end":{"line":129,"column":4}}]},"6":{"line":152,"type":"if","locations":[{"start":{"line":152,"column":4},"end":{"line":152,"column":4}},{"start":{"line":152,"column":4},"end":{"line":152,"column":4}}]},"7":{"line":164,"type":"if","locations":[{"start":{"line":164,"column":4},"end":{"line":164,"column":4}},{"start":{"line":164,"column":4},"end":{"line":164,"column":4}}]},"8":{"line":174,"type":"if","locations":[{"start":{"line":174,"column":4},"end":{"line":174,"column":4}},{"start":{"line":174,"column":4},"end":{"line":174,"column":4}}]},"9":{"line":184,"type":"if","locations":[{"start":{"line":184,"column":4},"end":{"line":184,"column":4}},{"start":{"line":184,"column":4},"end":{"line":184,"column":4}}]},"10":{"line":209,"type":"if","locations":[{"start":{"line":209,"column":6},"end":{"line":209,"column":6}},{"start":{"line":209,"column":6},"end":{"line":209,"column":6}}]},"11":{"line":215,"type":"if","locations":[{"start":{"line":215,"column":4},"end":{"line":215,"column":4}},{"start":{"line":215,"column":4},"end":{"line":215,"column":4}}]}}},"contracts/core/utils/Zapper.sol":{"l":{"35":45,"36":45,"40":71,"48":63,"56":22,"59":22,"67":26,"76":12,"77":11,"85":25,"86":25,"87":25,"88":74,"89":22,"90":22,"93":25,"101":6,"103":5,"105":5,"106":5,"107":0,"111":0,"114":5,"118":5,"119":5,"120":5,"123":5,"124":5,"125":5,"126":5,"127":5,"131":5,"134":5,"135":5,"136":5,"137":5,"145":3,"147":2,"148":2,"149":2,"154":2,"155":2,"156":0,"159":2,"162":2,"165":2,"169":2,"170":2,"171":2,"176":2,"177":2,"179":2,"180":2,"181":2},"path":"/home/leon/workspace/packages/contracts/contracts/core/utils/Zapper.sol","s":{"1":45,"2":45,"3":71,"4":63,"5":22,"6":22,"7":26,"8":12,"9":11,"10":25,"11":25,"12":25,"13":74,"14":22,"15":25,"16":6,"17":5,"18":5,"19":5,"20":0,"21":0,"22":5,"23":5,"24":5,"25":5,"26":5,"27":5,"28":5,"29":5,"30":5,"31":5,"32":5,"33":5,"34":5,"35":5,"36":3,"37":2,"38":2,"39":2,"40":2,"41":2,"42":0,"43":2,"44":2,"45":2,"46":2,"47":2,"48":2,"49":2,"50":2,"51":2,"52":2,"53":2},"b":{"1":[11,1],"2":[22,52],"3":[5,1],"4":[0,5],"5":[2,1],"6":[0,2]},"f":{"1":45,"2":71,"3":63,"4":22,"5":26,"6":12,"7":25,"8":6,"9":3},"fnMap":{"1":{"name":"constructor","line":34,"loc":{"start":{"line":34,"column":2},"end":{"line":37,"column":2}}},"2":{"name":"token","line":39,"loc":{"start":{"line":39,"column":2},"end":{"line":41,"column":2}}},"3":{"name":"curveMetapoolAddress","line":43,"loc":{"start":{"line":43,"column":2},"end":{"line":49,"column":2}}},"4":{"name":"curveBasepoolAddress","line":51,"loc":{"start":{"line":51,"column":2},"end":{"line":60,"column":2}}},"5":{"name":"supportedTokens","line":62,"loc":{"start":{"line":62,"column":2},"end":{"line":69,"column":2}}},"6":{"name":"canZap","line":71,"loc":{"start":{"line":71,"column":2},"end":{"line":78,"column":2}}},"7":{"name":"tokenIndex","line":80,"loc":{"start":{"line":80,"column":2},"end":{"line":94,"column":2}}},"8":{"name":"zapIn","line":96,"loc":{"start":{"line":96,"column":2},"end":{"line":138,"column":2}}},"9":{"name":"zapOut","line":140,"loc":{"start":{"line":140,"column":2},"end":{"line":182,"column":2}}}},"statementMap":{"1":{"start":{"line":35,"column":4},"end":{"line":35,"column":69}},"2":{"start":{"line":36,"column":4},"end":{"line":36,"column":69}},"3":{"start":{"line":40,"column":4},"end":{"line":40,"column":47}},"4":{"start":{"line":48,"column":4},"end":{"line":48,"column":68}},"5":{"start":{"line":56,"column":4},"end":{"line":56,"column":1454}},"6":{"start":{"line":59,"column":4},"end":{"line":59,"column":64}},"7":{"start":{"line":67,"column":4},"end":{"line":67,"column":1804}},"8":{"start":{"line":76,"column":4},"end":{"line":76,"column":47}},"9":{"start":{"line":77,"column":4},"end":{"line":77,"column":54}},"10":{"start":{"line":85,"column":4},"end":{"line":85,"column":19}},"11":{"start":{"line":86,"column":4},"end":{"line":86,"column":77}},"12":{"start":{"line":87,"column":4},"end":{"line":87,"column":2252}},"13":{"start":{"line":88,"column":6},"end":{"line":88,"column":2321}},"14":{"start":{"line":89,"column":8},"end":{"line":89,"column":16}},"15":{"start":{"line":93,"column":4},"end":{"line":93,"column":16}},"16":{"start":{"line":101,"column":4},"end":{"line":101,"column":67}},"17":{"start":{"line":103,"column":4},"end":{"line":103,"column":75}},"18":{"start":{"line":105,"column":4},"end":{"line":105,"column":20}},"19":{"start":{"line":106,"column":4},"end":{"line":106,"column":2754}},"20":{"start":{"line":107,"column":6},"end":{"line":107,"column":2813}},"21":{"start":{"line":111,"column":6},"end":{"line":111,"column":2962}},"22":{"start":{"line":114,"column":6},"end":{"line":114,"column":3051}},"23":{"start":{"line":118,"column":6},"end":{"line":118,"column":70}},"24":{"start":{"line":119,"column":6},"end":{"line":119,"column":65}},"25":{"start":{"line":120,"column":6},"end":{"line":120,"column":3310}},"26":{"start":{"line":123,"column":6},"end":{"line":123,"column":71}},"27":{"start":{"line":124,"column":6},"end":{"line":124,"column":77}},"28":{"start":{"line":125,"column":6},"end":{"line":125,"column":70}},"29":{"start":{"line":126,"column":6},"end":{"line":126,"column":61}},"30":{"start":{"line":127,"column":6},"end":{"line":127,"column":3702}},"31":{"start":{"line":131,"column":6},"end":{"line":131,"column":3867}},"32":{"start":{"line":134,"column":4},"end":{"line":134,"column":76}},"33":{"start":{"line":135,"column":4},"end":{"line":135,"column":73}},"34":{"start":{"line":136,"column":4},"end":{"line":136,"column":56}},"35":{"start":{"line":137,"column":4},"end":{"line":137,"column":17}},"36":{"start":{"line":145,"column":4},"end":{"line":145,"column":70}},"37":{"start":{"line":147,"column":4},"end":{"line":147,"column":70}},"38":{"start":{"line":148,"column":4},"end":{"line":148,"column":59}},"39":{"start":{"line":149,"column":4},"end":{"line":149,"column":4513}},"40":{"start":{"line":154,"column":4},"end":{"line":154,"column":22}},"41":{"start":{"line":155,"column":4},"end":{"line":155,"column":4657}},"42":{"start":{"line":156,"column":6},"end":{"line":156,"column":4762}},"43":{"start":{"line":159,"column":6},"end":{"line":159,"column":4896}},"44":{"start":{"line":162,"column":6},"end":{"line":162,"column":4998}},"45":{"start":{"line":165,"column":6},"end":{"line":165,"column":5102}},"46":{"start":{"line":169,"column":6},"end":{"line":169,"column":62}},"47":{"start":{"line":170,"column":6},"end":{"line":170,"column":78}},"48":{"start":{"line":171,"column":6},"end":{"line":171,"column":5372}},"49":{"start":{"line":176,"column":6},"end":{"line":176,"column":77}},"50":{"start":{"line":177,"column":6},"end":{"line":177,"column":46}},"51":{"start":{"line":179,"column":4},"end":{"line":179,"column":63}},"52":{"start":{"line":180,"column":4},"end":{"line":180,"column":64}},"53":{"start":{"line":181,"column":4},"end":{"line":181,"column":21}}},"branchMap":{"1":{"line":76,"type":"if","locations":[{"start":{"line":76,"column":4},"end":{"line":76,"column":4}},{"start":{"line":76,"column":4},"end":{"line":76,"column":4}}]},"2":{"line":88,"type":"if","locations":[{"start":{"line":88,"column":6},"end":{"line":88,"column":6}},{"start":{"line":88,"column":6},"end":{"line":88,"column":6}}]},"3":{"line":101,"type":"if","locations":[{"start":{"line":101,"column":4},"end":{"line":101,"column":4}},{"start":{"line":101,"column":4},"end":{"line":101,"column":4}}]},"4":{"line":106,"type":"if","locations":[{"start":{"line":106,"column":4},"end":{"line":106,"column":4}},{"start":{"line":106,"column":4},"end":{"line":106,"column":4}}]},"5":{"line":145,"type":"if","locations":[{"start":{"line":145,"column":4},"end":{"line":145,"column":4}},{"start":{"line":145,"column":4},"end":{"line":145,"column":4}}]},"6":{"line":155,"type":"if","locations":[{"start":{"line":155,"column":4},"end":{"line":155,"column":4}},{"start":{"line":155,"column":4},"end":{"line":155,"column":4}}]}}},"contracts/test_helpers/ACLRegistryHelper.sol":{"l":{"9":78,"13":3},"path":"/home/leon/workspace/packages/contracts/contracts/test_helpers/ACLRegistryHelper.sol","s":{"1":78,"2":3},"b":{"1":[1,2]},"f":{"1":78,"2":3},"fnMap":{"1":{"name":"constructor","line":8,"loc":{"start":{"line":8,"column":2},"end":{"line":10,"column":2}}},"2":{"name":"senderProtected","line":12,"loc":{"start":{"line":12,"column":2},"end":{"line":17,"column":2}}}},"statementMap":{"1":{"start":{"line":9,"column":4},"end":{"line":9,"column":29}},"2":{"start":{"line":13,"column":4},"end":{"line":13,"column":276}}},"branchMap":{"1":{"line":13,"type":"if","locations":[{"start":{"line":13,"column":4},"end":{"line":13,"column":4}},{"start":{"line":13,"column":4},"end":{"line":13,"column":4}}]}}},"contracts/test_helpers/BlockLockHelper.sol":{"l":{"16":195,"17":195,"21":1,"22":1,"26":1,"27":1,"28":1,"32":1,"33":1,"34":1,"35":1,"39":1,"40":1,"41":1,"42":1,"46":1,"47":1,"48":1,"49":1},"path":"/home/leon/workspace/packages/contracts/contracts/test_helpers/BlockLockHelper.sol","s":{"1":195,"2":195,"3":1,"4":1,"5":1,"6":1,"7":1,"8":1,"9":1,"10":1,"11":1,"12":1,"13":1,"14":1,"15":1,"16":1,"17":1,"18":1,"19":1},"b":{},"f":{"1":195,"2":1,"3":1,"4":1,"5":1,"6":1},"fnMap":{"1":{"name":"constructor","line":15,"loc":{"start":{"line":15,"column":2},"end":{"line":18,"column":2}}},"2":{"name":"deposit","line":20,"loc":{"start":{"line":20,"column":2},"end":{"line":23,"column":2}}},"3":{"name":"depositThenWithdraw","line":25,"loc":{"start":{"line":25,"column":2},"end":{"line":29,"column":2}}},"4":{"name":"withdrawThenDeposit","line":31,"loc":{"start":{"line":31,"column":2},"end":{"line":36,"column":2}}},"5":{"name":"depositThenTransfer","line":38,"loc":{"start":{"line":38,"column":2},"end":{"line":43,"column":2}}},"6":{"name":"depositThenTransferFrom","line":45,"loc":{"start":{"line":45,"column":2},"end":{"line":50,"column":2}}}},"statementMap":{"1":{"start":{"line":16,"column":4},"end":{"line":16,"column":35}},"2":{"start":{"line":17,"column":4},"end":{"line":17,"column":33}},"3":{"start":{"line":21,"column":4},"end":{"line":21,"column":47}},"4":{"start":{"line":22,"column":4},"end":{"line":22,"column":27}},"5":{"start":{"line":26,"column":4},"end":{"line":26,"column":47}},"6":{"start":{"line":27,"column":4},"end":{"line":27,"column":49}},"7":{"start":{"line":28,"column":4},"end":{"line":28,"column":28}},"8":{"start":{"line":32,"column":4},"end":{"line":32,"column":54}},"9":{"start":{"line":33,"column":4},"end":{"line":33,"column":28}},"10":{"start":{"line":34,"column":4},"end":{"line":34,"column":46}},"11":{"start":{"line":35,"column":4},"end":{"line":35,"column":26}},"12":{"start":{"line":39,"column":4},"end":{"line":39,"column":47}},"13":{"start":{"line":40,"column":4},"end":{"line":40,"column":49}},"14":{"start":{"line":41,"column":4},"end":{"line":41,"column":42}},"15":{"start":{"line":42,"column":4},"end":{"line":42,"column":42}},"16":{"start":{"line":46,"column":4},"end":{"line":46,"column":47}},"17":{"start":{"line":47,"column":4},"end":{"line":47,"column":49}},"18":{"start":{"line":48,"column":4},"end":{"line":48,"column":42}},"19":{"start":{"line":49,"column":4},"end":{"line":49,"column":61}}},"branchMap":{}},"contracts/test_helpers/KeeperIncentiveHelper.sol":{"l":{"17":42,"21":6,"22":4},"path":"/home/leon/workspace/packages/contracts/contracts/test_helpers/KeeperIncentiveHelper.sol","s":{"1":42,"2":6,"3":4},"b":{},"f":{"1":42,"2":6},"fnMap":{"1":{"name":"constructor","line":16,"loc":{"start":{"line":16,"column":2},"end":{"line":18,"column":2}}},"2":{"name":"incentivisedFunction","line":20,"loc":{"start":{"line":20,"column":2},"end":{"line":23,"column":2}}}},"statementMap":{"1":{"start":{"line":17,"column":4},"end":{"line":17,"column":37}},"2":{"start":{"line":21,"column":4},"end":{"line":21,"column":69}},"3":{"start":{"line":22,"column":4},"end":{"line":22,"column":35}}},"branchMap":{}},"contracts/test_helpers/ParticipationRewardHelper.sol":{"l":{"14":72,"18":235,"22":228,"30":228},"path":"/home/leon/workspace/packages/contracts/contracts/test_helpers/ParticipationRewardHelper.sol","s":{"1":72,"2":235,"3":228,"4":228},"b":{},"f":{"1":72,"2":235,"3":228,"4":228},"fnMap":{"1":{"name":"constructor","line":13,"loc":{"start":{"line":13,"column":2},"end":{"line":15,"column":2}}},"2":{"name":"initializeVault","line":17,"loc":{"start":{"line":17,"column":2},"end":{"line":19,"column":2}}},"3":{"name":"openVault","line":21,"loc":{"start":{"line":21,"column":2},"end":{"line":23,"column":2}}},"4":{"name":"addShares","line":25,"loc":{"start":{"line":25,"column":2},"end":{"line":31,"column":2}}}},"statementMap":{"1":{"start":{"line":14,"column":4},"end":{"line":14,"column":45}},"2":{"start":{"line":18,"column":4},"end":{"line":18,"column":72}},"3":{"start":{"line":22,"column":4},"end":{"line":22,"column":56}},"4":{"start":{"line":30,"column":4},"end":{"line":30,"column":75}}},"branchMap":{}},"contracts/test_helpers/PoolDefendedHelper.sol":{"l":{"14":198,"15":198,"19":2,"20":2},"path":"/home/leon/workspace/packages/contracts/contracts/test_helpers/PoolDefendedHelper.sol","s":{"1":198,"2":198,"3":2,"4":2},"b":{},"f":{"1":198,"2":2},"fnMap":{"1":{"name":"constructor","line":13,"loc":{"start":{"line":13,"column":2},"end":{"line":16,"column":2}}},"2":{"name":"deposit","line":18,"loc":{"start":{"line":18,"column":2},"end":{"line":21,"column":2}}}},"statementMap":{"1":{"start":{"line":14,"column":4},"end":{"line":14,"column":17}},"2":{"start":{"line":15,"column":4},"end":{"line":15,"column":15}},"3":{"start":{"line":19,"column":4},"end":{"line":19,"column":39}},"4":{"start":{"line":20,"column":4},"end":{"line":20,"column":23}}},"branchMap":{}},"contracts/test_helpers/RandomNumberHelper.sol":{"l":{"29":111,"30":111,"46":3,"50":3,"59":3},"path":"/home/leon/workspace/packages/contracts/contracts/test_helpers/RandomNumberHelper.sol","s":{"1":111,"2":111,"3":3,"4":3,"5":3},"b":{},"f":{"1":111,"2":6,"3":3,"4":3,"5":3},"fnMap":{"1":{"name":"constructor","line":28,"loc":{"start":{"line":24,"column":2},"end":{"line":31,"column":2}}},"2":{"name":"getRandomNumber","line":36,"loc":{"start":{"line":36,"column":2},"end":{"line":36,"column":78}}},"3":{"name":"fulfillRandomness","line":41,"loc":{"start":{"line":41,"column":2},"end":{"line":47,"column":2}}},"4":{"name":"mockFulfillRandomness","line":49,"loc":{"start":{"line":49,"column":2},"end":{"line":51,"column":2}}},"5":{"name":"getRandomResult","line":53,"loc":{"start":{"line":53,"column":2},"end":{"line":60,"column":2}}}},"statementMap":{"1":{"start":{"line":29,"column":4},"end":{"line":29,"column":21}},"2":{"start":{"line":30,"column":4},"end":{"line":30,"column":21}},"3":{"start":{"line":46,"column":4},"end":{"line":46,"column":32}},"4":{"start":{"line":50,"column":4},"end":{"line":50,"column":36}},"5":{"start":{"line":59,"column":4},"end":{"line":59,"column":23}}},"branchMap":{}},"contracts/test_helpers/StakingDefendedHelper.sol":{"l":{"14":120,"15":120,"19":2,"20":2},"path":"/home/leon/workspace/packages/contracts/contracts/test_helpers/StakingDefendedHelper.sol","s":{"1":120,"2":120,"3":2,"4":2},"b":{},"f":{"1":120,"2":2},"fnMap":{"1":{"name":"constructor","line":13,"loc":{"start":{"line":13,"column":2},"end":{"line":16,"column":2}}},"2":{"name":"stake","line":18,"loc":{"start":{"line":18,"column":2},"end":{"line":21,"column":2}}}},"statementMap":{"1":{"start":{"line":14,"column":4},"end":{"line":14,"column":17}},"2":{"start":{"line":15,"column":4},"end":{"line":15,"column":21}},"3":{"start":{"line":19,"column":4},"end":{"line":19,"column":42}},"4":{"start":{"line":20,"column":4},"end":{"line":20,"column":32}}},"branchMap":{}}}